{
  message: 'Server is started on port 3000',
  level: 'info',
  timestamp: '2024-05-04T18:14:41.878Z'
}
{
  message: 'Server is started on port 3000',
  level: 'info',
  timestamp: '2024-05-04T18:28:04.845Z'
}
{
  message: 'Server is started on port 3000',
  level: 'info',
  timestamp: '2024-05-04T19:27:25.829Z'
}
{
  message: 'POST to .../api/countries/ |500|: country.hasOwnProperty is not a function',
  level: 'error',
  timestamp: '2024-05-04T19:32:36.816Z'
}
{
  message: 'Server is started on port 3000',
  level: 'info',
  timestamp: '2024-05-04T19:33:35.159Z'
}
{
  message: 'POST to .../api/countries/ |500|: country.hasOwnProperty is not a function',
  level: 'error',
  timestamp: '2024-05-04T19:34:04.899Z'
}
{
  message: 'Server is started on port 3000',
  level: 'info',
  timestamp: '2024-05-04T19:35:23.722Z'
}
{
  message: 'POST to .../api/countries/ |500|: country.hasOwnProperty is not a function',
  level: 'error',
  timestamp: '2024-05-04T19:37:11.418Z'
}
{
  message: 'Server is started on port 3000',
  level: 'info',
  timestamp: '2024-05-04T19:38:13.038Z'
}
{
  message: 'Server is started on port 3000',
  level: 'info',
  timestamp: '2024-05-04T19:40:21.539Z'
}
{
  message: 'Countries service: country 221 added',
  level: 'info',
  timestamp: '2024-05-04T19:40:40.637Z'
}
{
  message: 'Countries service: country 222 added',
  level: 'info',
  timestamp: '2024-05-04T19:41:40.587Z'
}
{
  message: 'Server is started on port 3000',
  level: 'info',
  timestamp: '2024-05-04T19:44:39.826Z'
}
{
  message: 'Server is started on port 3000',
  level: 'info',
  timestamp: '2024-05-04T19:46:57.115Z'
}
{
  message: 'Server is started on port 3000',
  level: 'info',
  timestamp: '2024-05-04T19:47:13.026Z'
}
{
  message: 'Server is started on port 3000',
  level: 'info',
  timestamp: '2024-05-04T19:54:38.155Z'
}
{
  message: 'Server is started on port 3000',
  level: 'info',
  timestamp: '2024-05-04T19:57:54.294Z'
}
{
  message: 'Server is started on port 3000',
  level: 'info',
  timestamp: '2024-05-04T20:04:31.137Z'
}
{
  message: 'Server is started on port 3000',
  level: 'info',
  timestamp: '2024-05-04T20:06:21.828Z'
}
{
  message: 'Server is started on port 3000',
  level: 'info',
  timestamp: '2024-05-04T20:07:08.311Z'
}
{
  message: 'Server is started on port 3000',
  level: 'info',
  timestamp: '2024-05-04T20:08:03.647Z'
}
{
  message: 'Server is started on port 3000',
  level: 'info',
  timestamp: '2024-05-04T20:08:42.957Z'
}
{
  message: 'Server is started on port 3000',
  level: 'info',
  timestamp: '2024-05-04T20:09:04.991Z'
}
{
  message: 'Server is started on port 3000',
  level: 'info',
  timestamp: '2024-05-04T20:09:16.686Z'
}
{
  message: 'Server is started on port 3000',
  level: 'info',
  timestamp: '2024-05-04T20:09:37.506Z'
}
{
  message: 'Server is started on port 3000',
  level: 'info',
  timestamp: '2024-05-04T20:10:06.676Z'
}
{
  message: 'Server is started on port 3000',
  level: 'info',
  timestamp: '2024-05-04T20:10:29.043Z'
}
{
  message: 'Server is started on port 3000',
  level: 'info',
  timestamp: '2024-05-04T20:10:50.882Z'
}
{
  message: 'Server is started on port 3000',
  level: 'info',
  timestamp: '2024-05-04T20:11:25.457Z'
}
{
  message: 'Server is started on port 3000',
  level: 'info',
  timestamp: '2024-05-04T20:11:39.209Z'
}
{
  message: 'Server is started on port 3000',
  level: 'info',
  timestamp: '2024-05-04T20:12:19.843Z'
}
{
  message: 'Server is started on port 3000',
  level: 'info',
  timestamp: '2024-05-04T20:12:40.152Z'
}
{
  message: 'Server is started on port 3000',
  level: 'info',
  timestamp: '2024-05-04T20:13:10.931Z'
}
{
  message: 'Server is started on port 3000',
  level: 'info',
  timestamp: '2024-05-04T20:14:18.207Z'
}
{
  message: 'Server is started on port 3000',
  level: 'info',
  timestamp: '2024-05-04T20:14:53.138Z'
}
{
  message: 'Server is started on port 3000',
  level: 'info',
  timestamp: '2024-05-04T20:15:00.146Z'
}
{
  message: 'Server is started on port 3000',
  level: 'info',
  timestamp: '2024-05-04T20:15:19.273Z'
}
{
  message: 'Server is started on port 3000',
  level: 'info',
  timestamp: '2024-05-04T20:16:09.746Z'
}
{
  message: 'Server is started on port 3000',
  level: 'info',
  timestamp: '2024-05-04T20:16:30.038Z'
}
{
  message: 'Server is started on port 3000',
  level: 'info',
  timestamp: '2024-05-04T20:16:57.970Z'
}
{
  message: 'Server is started on port 3000',
  level: 'info',
  timestamp: '2024-05-04T20:17:17.904Z'
}
{
  message: 'Server is started on port 3000',
  level: 'info',
  timestamp: '2024-05-04T20:17:37.017Z'
}
{
  message: 'POST to .../api/flights/ |500|: flight.hasOwnProperty is not a function',
  level: 'error',
  timestamp: '2024-05-04T20:18:12.875Z'
}
{
  message: 'Server is started on port 3000',
  level: 'info',
  timestamp: '2024-05-04T20:19:20.287Z'
}
{
  message: 'POST to .../api/flights/ |400|: _Key tickets_remained is invalid',
  level: 'error',
  timestamp: '2024-05-04T20:19:22.476Z'
}
{
  message: 'Server is started on port 3000',
  level: 'info',
  timestamp: '2024-05-04T20:20:05.715Z'
}
{
  message: 'Countries service: country 8 added',
  level: 'info',
  timestamp: '2024-05-04T20:20:11.149Z'
}
{
  message: 'POST to .../api/flights/ |400|: _Key tickets_remained is invalid',
  level: 'error',
  timestamp: '2024-05-04T20:20:21.368Z'
}
{
  message: "POST to .../api/flights/ |500|: insert into 'flights' ('departure_time', 'destination_country_id', 'landing_time', 'origin_country_id', 'remaining_tickets') values ($1, $2, $3, $4, $5) returning 'id' - null value in column 'airline_id' of relation 'flights' violates not-null constraint",
  level: 'error',
  timestamp: '2024-05-04T20:20:39.274Z'
}
{
  message: "POST to .../api/flights/ |500|: insert into 'flights' ('departure_time', 'destination_country_id', 'landing_time', 'origin_country_id', 'remaining_tickets') values ($1, $2, $3, $4, $5) returning 'id' - null value in column 'airline_id' of relation 'flights' violates not-null constraint",
  level: 'error',
  timestamp: '2024-05-04T20:21:30.069Z'
}
{
  message: "POST to .../api/flights/ |500|: insert into 'flights' ('departure_time', 'destination_country_id', 'landing_time', 'origin_country_id', 'remaining_tickets') values ($1, $2, $3, $4, $5) returning 'id' - null value in column 'airline_id' of relation 'flights' violates not-null constraint",
  level: 'error',
  timestamp: '2024-05-04T20:25:43.672Z'
}
{
  message: 'Flights service: flight 13 added',
  level: 'info',
  timestamp: '2024-05-04T20:25:56.116Z'
}
{
  message: 'Server is started on port 3000',
  level: 'info',
  timestamp: '2024-05-05T07:13:01.555Z'
}
{
  message: 'Server is started on port 3000',
  level: 'info',
  timestamp: '2024-05-05T07:13:23.959Z'
}
{
  message: 'Server is started on port 3000',
  level: 'info',
  timestamp: '2024-05-05T07:17:04.985Z'
}
{
  message: 'Server is started on port 3000',
  level: 'info',
  timestamp: '2024-05-05T07:21:52.116Z'
}
{
  message: 'Server is started on port 3000',
  level: 'info',
  timestamp: '2024-05-05T07:22:21.035Z'
}
{
  message: 'Server is started on port 3000',
  level: 'info',
  timestamp: '2024-05-05T07:26:58.991Z'
}
{
  message: 'Server is started on port 3000',
  level: 'info',
  timestamp: '2024-05-05T07:27:47.753Z'
}
{
  message: 'Server is started on port 3000',
  level: 'info',
  timestamp: '2024-05-05T07:28:55.871Z'
}
{
  message: 'Server is started on port 3000',
  level: 'info',
  timestamp: '2024-05-05T07:29:45.925Z'
}
{
  message: 'Server is started on port 3000',
  level: 'info',
  timestamp: '2024-05-05T07:30:16.065Z'
}
{
  message: 'Server is started on port 3000',
  level: 'info',
  timestamp: '2024-05-05T07:33:31.848Z'
}
{
  message: "POST to .../api/countries/ |500|: insert into 'countries' ('name') values ($1) returning 'id' - duplicate key value violates unique constraint 'countries_name_unique'",
  level: 'error',
  timestamp: '2024-05-05T07:36:31.277Z'
}
{
  message: 'Countries service: country 10 added',
  level: 'info',
  timestamp: '2024-05-05T07:36:59.773Z'
}
{
  message: 'Flights service: flight 14 added',
  level: 'info',
  timestamp: '2024-05-05T07:37:57.101Z'
}
{
  message: 'Server is started on port 3000',
  level: 'info',
  timestamp: '2024-05-05T07:41:20.636Z'
}
{
  message: 'Server is started on port 3000',
  level: 'info',
  timestamp: '2024-05-05T07:41:43.391Z'
}
{
  message: 'Server is started on port 3000',
  level: 'info',
  timestamp: '2024-05-05T07:42:58.237Z'
}
{
  message: 'Flights service: flight 15 added',
  level: 'info',
  timestamp: '2024-05-05T07:43:08.304Z'
}
{
  message: 'Flights service: flight 16 added',
  level: 'info',
  timestamp: '2024-05-05T07:43:58.311Z'
}
{
  message: 'Server is started on port 3000',
  level: 'info',
  timestamp: '2024-05-05T07:48:33.129Z'
}
{
  message: 'Server is started on port 3000',
  level: 'info',
  timestamp: '2024-05-05T07:49:50.247Z'
}
{
  message: 'Server is started on port 3000',
  level: 'info',
  timestamp: '2024-05-05T07:50:14.027Z'
}
{
  message: 'Server is started on port 3000',
  level: 'info',
  timestamp: '2024-05-05T07:53:03.772Z'
}
{
  message: 'Server is started on port 3000',
  level: 'info',
  timestamp: '2024-05-05T07:55:31.018Z'
}
{
  message: 'User 1 bought ticket undefined for flight 1',
  level: 'info',
  timestamp: '2024-05-05T07:56:28.055Z'
}
{
  message: 'User 1 bought ticket undefined for flight 1',
  level: 'info',
  timestamp: '2024-05-05T07:56:29.654Z'
}
{
  message: 'Server is started on port 3000',
  level: 'info',
  timestamp: '2024-05-05T07:56:46.886Z'
}
{
  message: 'Server is started on port 3000',
  level: 'info',
  timestamp: '2024-05-05T07:57:54.217Z'
}
{
  message: 'Server is started on port 3000',
  level: 'info',
  timestamp: '2024-05-05T07:58:03.729Z'
}
{
  message: 'Server is started on port 3000',
  level: 'info',
  timestamp: '2024-05-05T07:58:54.315Z'
}
{
  message: 'User 1 bought ticket undefined for flight 3',
  level: 'info',
  timestamp: '2024-05-05T07:59:00.761Z'
}
{
  message: 'User 1 bought ticket undefined for flight 3',
  level: 'info',
  timestamp: '2024-05-05T07:59:01.485Z'
}
{
  message: 'User 1 bought ticket undefined for flight 3',
  level: 'info',
  timestamp: '2024-05-05T07:59:02.070Z'
}
{
  message: 'User 1 bought ticket undefined for flight 3',
  level: 'info',
  timestamp: '2024-05-05T07:59:02.946Z'
}
{
  message: 'User 1 bought ticket undefined for flight 3',
  level: 'info',
  timestamp: '2024-05-05T07:59:03.891Z'
}
{
  message: 'User 1 bought ticket undefined for flight 3',
  level: 'info',
  timestamp: '2024-05-05T07:59:04.278Z'
}
{
  message: 'User 1 bought ticket undefined for flight 3',
  level: 'info',
  timestamp: '2024-05-05T07:59:04.634Z'
}
{
  message: 'User 1 bought ticket undefined for flight 3',
  level: 'info',
  timestamp: '2024-05-05T07:59:05.273Z'
}
{
  message: 'User 1 bought ticket undefined for flight 3',
  level: 'info',
  timestamp: '2024-05-05T07:59:05.884Z'
}
{
  message: 'Server is started on port 3000',
  level: 'info',
  timestamp: '2024-05-05T08:06:00.190Z'
}
{
  message: 'Server is started on port 3000',
  level: 'info',
  timestamp: '2024-05-05T08:41:32.481Z'
}
{
  message: 'Server is started on port 3000',
  level: 'info',
  timestamp: '2024-05-05T08:42:02.863Z'
}
{
  message: 'Server is started on port 3000',
  level: 'info',
  timestamp: '2024-05-05T08:42:12.171Z'
}
{
  message: 'Server is started on port 3000',
  level: 'info',
  timestamp: '2024-05-05T08:42:43.663Z'
}
{
  message: 'Server is started on port 3000',
  level: 'info',
  timestamp: '2024-05-05T08:44:55.041Z'
}
{
  message: 'Server is started on port 3000',
  level: 'info',
  timestamp: '2024-05-05T08:47:03.321Z'
}
{
  message: 'Server is started on port 3000',
  level: 'info',
  timestamp: '2024-05-05T08:49:16.658Z'
}
{
  message: 'Server is started on port 3000',
  level: 'info',
  timestamp: '2024-05-05T08:50:08.125Z'
}
{
  message: 'Server is started on port 3000',
  level: 'info',
  timestamp: '2024-05-05T08:52:53.706Z'
}
{
  message: 'Server is started on port 3000',
  level: 'info',
  timestamp: '2024-05-05T08:55:06.404Z'
}
{
  message: 'Server is started on port 3000',
  level: 'info',
  timestamp: '2024-05-05T08:56:17.193Z'
}
{
  message: 'Server is started on port 3000',
  level: 'info',
  timestamp: '2024-05-05T08:56:29.329Z'
}
{
  message: 'Server is started on port 3000',
  level: 'info',
  timestamp: '2024-05-05T08:56:43.604Z'
}
{
  message: 'Server is started on port 3000',
  level: 'info',
  timestamp: '2024-05-05T08:56:59.535Z'
}
{
  message: 'Server is started on port 3000',
  level: 'info',
  timestamp: '2024-05-05T08:58:32.189Z'
}
{
  message: 'Server is started on port 3000',
  level: 'info',
  timestamp: '2024-05-05T08:58:43.560Z'
}
{
  message: 'Server is started on port 3000',
  level: 'info',
  timestamp: '2024-05-05T08:58:53.020Z'
}
{
  message: 'Server is started on port 3000',
  level: 'info',
  timestamp: '2024-05-05T09:00:25.176Z'
}
{
  message: 'Server is started on port 3000',
  level: 'info',
  timestamp: '2024-05-05T09:08:42.968Z'
}
{
  message: 'Server is started on port 3000',
  level: 'info',
  timestamp: '2024-05-05T09:08:52.220Z'
}
{
  message: 'Server is started on port 3000',
  level: 'info',
  timestamp: '2024-05-05T09:09:04.506Z'
}
{
  message: 'Server is started on port 3000',
  level: 'info',
  timestamp: '2024-05-05T09:16:58.745Z'
}
{
  message: 'Server is started on port 3000',
  level: 'info',
  timestamp: '2024-05-05T09:17:07.957Z'
}
{
  message: 'Server is started on port 3000',
  level: 'info',
  timestamp: '2024-05-05T09:17:19.476Z'
}
{
  message: 'Server is started on port 3000',
  level: 'info',
  timestamp: '2024-05-05T09:17:47.599Z'
}
{
  message: 'Server is started on port 3000',
  level: 'info',
  timestamp: '2024-05-05T09:46:32.941Z'
}
{
  message: 'Server is started on port 3000',
  level: 'info',
  timestamp: '2024-05-05T09:48:13.500Z'
}
{
  message: 'Server is started on port 3000',
  level: 'info',
  timestamp: '2024-05-05T09:57:46.320Z'
}
{
  message: 'Server is started on port 3000',
  level: 'info',
  timestamp: '2024-05-05T09:58:43.446Z'
}
{
  message: 'Server is started on port 3000',
  level: 'info',
  timestamp: '2024-05-05T10:13:11.423Z'
}
{
  message: 'Server is started on port 3000',
  level: 'info',
  timestamp: '2024-05-05T10:22:01.932Z'
}
{
  message: 'Server is started on port 3000',
  level: 'info',
  timestamp: '2024-05-05T10:22:25.710Z'
}
{
  message: 'Server is started on port 3000',
  level: 'info',
  timestamp: '2024-05-05T10:22:58.715Z'
}
{
  message: 'Server is started on port 3000',
  level: 'info',
  timestamp: '2024-05-05T10:23:18.343Z'
}
{
  message: 'Server is started on port 3000',
  level: 'info',
  timestamp: '2024-05-05T10:23:47.056Z'
}
{
  message: 'Server is started on port 3000',
  level: 'info',
  timestamp: '2024-05-05T10:24:12.094Z'
}
{
  message: 'Server is started on port 3000',
  level: 'info',
  timestamp: '2024-05-05T10:24:30.644Z'
}
{
  message: 'Server is started on port 3000',
  level: 'info',
  timestamp: '2024-05-05T10:24:43.850Z'
}
{
  message: 'Server is started on port 3000',
  level: 'info',
  timestamp: '2024-05-05T10:24:52.681Z'
}
{
  message: 'Server is started on port 3000',
  level: 'info',
  timestamp: '2024-05-05T10:37:06.233Z'
}
{
  message: 'Server is started on port 3000',
  level: 'info',
  timestamp: '2024-05-05T10:37:11.844Z'
}
{
  message: 'Server is started on port 3000',
  level: 'info',
  timestamp: '2024-05-05T10:37:35.298Z'
}
{
  message: 'Server is started on port 3000',
  level: 'info',
  timestamp: '2024-05-05T10:37:39.231Z'
}
{
  message: 'Server is started on port 3000',
  level: 'info',
  timestamp: '2024-05-05T10:37:43.612Z'
}
{
  message: 'Server is started on port 3000',
  level: 'info',
  timestamp: '2024-05-05T10:37:47.221Z'
}
{
  message: 'Server is started on port 3000',
  level: 'info',
  timestamp: '2024-05-05T10:37:52.683Z'
}
{
  message: 'Server is started on port 3000',
  level: 'info',
  timestamp: '2024-05-05T10:38:15.796Z'
}
{
  message: 'Server is started on port 3000',
  level: 'info',
  timestamp: '2024-05-05T10:38:19.143Z'
}
{
  message: 'Server is started on port 3000',
  level: 'info',
  timestamp: '2024-05-05T10:38:24.996Z'
}
{
  message: 'Server is started on port 3000',
  level: 'info',
  timestamp: '2024-05-05T10:38:32.404Z'
}
{
  message: 'Server is started on port 3000',
  level: 'info',
  timestamp: '2024-05-05T10:49:38.055Z'
}
{
  message: 'Server is started on port 3000',
  level: 'info',
  timestamp: '2024-05-05T11:46:50.581Z'
}
{
  message: 'Server is started on port 3000',
  level: 'info',
  timestamp: '2024-05-05T12:00:07.586Z'
}
{
  message: 'Server is started on port 3000',
  level: 'info',
  timestamp: '2024-05-05T12:02:05.442Z'
}
{
  message: 'Server is started on port 3000',
  level: 'info',
  timestamp: '2024-05-05T12:02:11.296Z'
}
{
  message: 'Server is started on port 3000',
  level: 'info',
  timestamp: '2024-05-05T12:05:09.706Z'
}
{
  message: 'Server is started on port 3000',
  level: 'info',
  timestamp: '2024-05-05T12:12:08.537Z'
}
{
  message: 'Server is started on port 3000',
  level: 'info',
  timestamp: '2024-05-05T12:12:37.048Z'
}
{
  message: 'Server is started on port 3000',
  level: 'info',
  timestamp: '2024-05-05T12:13:12.590Z'
}
{
  message: 'Server is started on port 3000',
  level: 'info',
  timestamp: '2024-05-05T12:13:31.216Z'
}
{
  message: 'Server is started on port 3000',
  level: 'info',
  timestamp: '2024-05-05T12:14:14.879Z'
}
{
  message: 'Server is started on port 3000',
  level: 'info',
  timestamp: '2024-05-05T12:18:21.957Z'
}
{
  message: 'Server is started on port 3000',
  level: 'info',
  timestamp: '2024-05-05T12:18:35.053Z'
}
{
  message: 'Server is started on port 3000',
  level: 'info',
  timestamp: '2024-05-05T12:19:41.257Z'
}
{
  message: 'Server is started on port 3000',
  level: 'info',
  timestamp: '2024-05-05T12:20:31.035Z'
}
{
  message: 'Server is started on port 3000',
  level: 'info',
  timestamp: '2024-05-05T12:25:00.422Z'
}
{
  message: 'Server is started on port 3000',
  level: 'info',
  timestamp: '2024-05-05T12:25:05.060Z'
}
{
  message: 'Server is started on port 3000',
  level: 'info',
  timestamp: '2024-05-05T12:42:33.331Z'
}
{
  message: 'Server is started on port 3000',
  level: 'info',
  timestamp: '2024-05-05T12:48:14.044Z'
}
{
  message: 'Server is started on port 3000',
  level: 'info',
  timestamp: '2024-05-05T12:52:40.312Z'
}
{
  message: 'Server is started on port 3000',
  level: 'info',
  timestamp: '2024-05-05T12:53:30.111Z'
}
{
  message: 'Server is started on port 3000',
  level: 'info',
  timestamp: '2024-05-05T12:59:04.232Z'
}
{
  message: 'Server is started on port 3000',
  level: 'info',
  timestamp: '2024-05-05T12:59:27.256Z'
}
{
  message: 'Server is started on port 3000',
  level: 'info',
  timestamp: '2024-05-05T13:05:24.169Z'
}
{
  message: 'Server is started on port 3000',
  level: 'info',
  timestamp: '2024-05-05T13:09:20.376Z'
}
{
  message: 'Server is started on port 3000',
  level: 'info',
  timestamp: '2024-05-05T13:10:15.583Z'
}
{
  message: 'Server is started on port 3000',
  level: 'info',
  timestamp: '2024-05-05T13:11:56.055Z'
}
{
  message: 'Server is started on port 3000',
  level: 'info',
  timestamp: '2024-05-05T13:13:33.327Z'
}
{
  message: 'Server is started on port 3000',
  level: 'info',
  timestamp: '2024-05-05T13:14:41.233Z'
}
{
  message: 'Server is started on port 3000',
  level: 'info',
  timestamp: '2024-05-05T13:16:11.260Z'
}
{
  message: 'Server is started on port 3000',
  level: 'info',
  timestamp: '2024-05-05T13:16:38.666Z'
}
{
  message: 'Server is started on port 3000',
  level: 'info',
  timestamp: '2024-05-05T13:17:27.226Z'
}
{
  message: 'Server is started on port 3000',
  level: 'info',
  timestamp: '2024-05-05T13:19:41.965Z'
}
{
  message: 'Server is started on port 3000',
  level: 'info',
  timestamp: '2024-05-05T13:21:05.768Z'
}
{
  message: 'Server is started on port 3000',
  level: 'info',
  timestamp: '2024-05-05T13:24:07.709Z'
}
{
  message: 'Server is started on port 3000',
  level: 'info',
  timestamp: '2024-05-05T13:24:24.099Z'
}
{
  message: 'Server is started on port 3000',
  level: 'info',
  timestamp: '2024-05-05T13:24:28.302Z'
}
{
  message: 'Server is started on port 3000',
  level: 'info',
  timestamp: '2024-05-05T13:28:05.326Z'
}
{
  message: 'Server is started on port 3000',
  level: 'info',
  timestamp: '2024-05-05T13:30:41.772Z'
}
{
  message: 'Server is started on port 3000',
  level: 'info',
  timestamp: '2024-05-05T13:32:53.969Z'
}
{
  message: 'Server is started on port 3000',
  level: 'info',
  timestamp: '2024-05-05T13:33:01.045Z'
}
{
  message: 'Server is started on port 3000',
  level: 'info',
  timestamp: '2024-05-05T13:33:02.889Z'
}
{
  message: 'Server is started on port 3000',
  level: 'info',
  timestamp: '2024-05-05T13:36:39.473Z'
}
{
  message: 'Server is started on port 3000',
  level: 'info',
  timestamp: '2024-05-05T13:39:37.364Z'
}
{
  message: 'POST to .../api/airlines/ |400|: _Key role_id is invalid',
  level: 'error',
  timestamp: '2024-05-05T13:39:48.140Z'
}
{
  message: 'Server is started on port 3000',
  level: 'info',
  timestamp: '2024-05-05T13:42:26.354Z'
}
{
  message: 'Server is started on port 3000',
  level: 'info',
  timestamp: '2024-05-05T13:42:39.338Z'
}
{
  message: 'Users service: user 23 added',
  level: 'info',
  timestamp: '2024-05-05T13:42:54.054Z'
}
{
  message: 'Server is started on port 3000',
  level: 'info',
  timestamp: '2024-05-05T13:44:31.998Z'
}
{
  message: 'Server is started on port 3000',
  level: 'info',
  timestamp: '2024-05-05T13:46:10.093Z'
}
{
  message: 'Server is started on port 3000',
  level: 'info',
  timestamp: '2024-05-05T13:46:12.080Z'
}
{
  message: 'Server is started on port 3000',
  level: 'info',
  timestamp: '2024-05-05T13:46:13.188Z'
}
{
  message: 'Server is started on port 3000',
  level: 'info',
  timestamp: '2024-05-05T13:50:42.741Z'
}
{
  message: 'Server is started on port 3000',
  level: 'info',
  timestamp: '2024-05-05T13:54:37.154Z'
}
{
  message: 'Server is started on port 3000',
  level: 'info',
  timestamp: '2024-05-05T13:57:01.822Z'
}
{
  message: "POST to .../api/customers/ |500|: insert into 'customers' ('address', 'credit_card', 'first_name', 'last_name', 'phone_number', 'user_id') values ($1, $2, $3, $4, $5, $6) returning 'id' - insert or update on table 'customers' violates foreign key constraint 'customers_user_id_foreign'",
  level: 'error',
  timestamp: '2024-05-05T13:57:38.402Z'
}
{
  message: 'Server is started on port 3000',
  level: 'info',
  timestamp: '2024-05-05T13:59:05.273Z'
}
{
  message: 'POST to .../api/customers/ |400|: _user_id is required',
  level: 'error',
  timestamp: '2024-05-05T14:00:22.627Z'
}
{
  message: 'Server is started on port 3000',
  level: 'info',
  timestamp: '2024-05-05T14:02:42.362Z'
}
{
  message: 'Server is started on port 3000',
  level: 'info',
  timestamp: '2024-05-05T14:03:39.506Z'
}
{
  message: 'Server is started on port 3000',
  level: 'info',
  timestamp: '2024-05-05T14:03:58.519Z'
}
{
  message: 'Server is started on port 3000',
  level: 'info',
  timestamp: '2024-05-05T14:04:39.928Z'
}
{
  message: 'Server is started on port 3000',
  level: 'info',
  timestamp: '2024-05-05T14:04:45.679Z'
}
{
  message: 'Server is started on port 3000',
  level: 'info',
  timestamp: '2024-05-05T14:05:47.135Z'
}
{
  message: 'Server is started on port 3000',
  level: 'info',
  timestamp: '2024-05-05T14:06:13.291Z'
}
{
  message: 'Customer service: customer 9 added',
  level: 'info',
  timestamp: '2024-05-05T14:06:29.547Z'
}
{
  message: 'Airlines service: airline 8 added',
  level: 'info',
  timestamp: '2024-05-05T14:07:03.381Z'
}
{
  message: 'Server is started on port 3000',
  level: 'info',
  timestamp: '2024-05-05T14:08:35.641Z'
}
{
  message: 'Airlines service: airline 9 added',
  level: 'info',
  timestamp: '2024-05-05T14:08:50.035Z'
}
{
  message: 'Server is started on port 3000',
  level: 'info',
  timestamp: '2024-05-05T14:10:42.335Z'
}
{
  message: 'Server is started on port 3000',
  level: 'info',
  timestamp: '2024-05-05T14:10:59.327Z'
}
{
  message: 'Server is started on port 3000',
  level: 'info',
  timestamp: '2024-05-05T14:11:09.711Z'
}
{
  message: 'Server is started on port 3000',
  level: 'info',
  timestamp: '2024-05-05T14:11:45.939Z'
}
{
  message: 'Server is started on port 3000',
  level: 'info',
  timestamp: '2024-05-05T14:12:04.766Z'
}
{
  message: 'Server is started on port 3000',
  level: 'info',
  timestamp: '2024-05-05T14:12:11.941Z'
}
{
  message: 'Server is started on port 3000',
  level: 'info',
  timestamp: '2024-05-05T14:16:36.262Z'
}
{
  message: 'Server is started on port 3000',
  level: 'info',
  timestamp: '2024-05-05T14:17:23.211Z'
}
{
  message: 'Server is started on port 3000',
  level: 'info',
  timestamp: '2024-05-05T14:28:50.715Z'
}
{
  message: 'Users service: user 24 added',
  level: 'info',
  timestamp: '2024-05-05T14:29:45.085Z'
}
{
  message: 'Customer service: customer 10 added',
  level: 'info',
  timestamp: '2024-05-05T14:30:29.863Z'
}
{
  message: 'POST to .../api/pages/registration |500|: user is not defined',
  level: 'error',
  timestamp: '2024-05-05T14:30:29.872Z'
}
{
  message: 'Server is started on port 3000',
  level: 'info',
  timestamp: '2024-05-05T14:31:33.694Z'
}
{
  message: "POST to .../api/customers/ |500|: insert into 'customers' ('address', 'credit_card', 'first_name', 'last_name', 'phone_number', 'user_id') values ($1, $2, $3, $4, $5, $6) returning 'id' - duplicate key value violates unique constraint 'customers_phone_number_unique'",
  level: 'error',
  timestamp: '2024-05-05T14:31:54.511Z'
}
{
  message: 'POST to .../api/pages/registration |500|: user is not defined',
  level: 'error',
  timestamp: '2024-05-05T14:32:09.885Z'
}
{
  message: 'Server is started on port 3000',
  level: 'info',
  timestamp: '2024-05-05T14:32:47.409Z'
}
{
  message: 'Users service: user 25 added',
  level: 'info',
  timestamp: '2024-05-05T14:32:53.684Z'
}
{
  message: 'Customer service: customer 12 added',
  level: 'info',
  timestamp: '2024-05-05T14:33:23.042Z'
}
{
  message: 'POST to .../api/pages/registration |500|: user is not defined',
  level: 'error',
  timestamp: '2024-05-05T14:33:23.049Z'
}
{
  message: 'Server is started on port 3000',
  level: 'info',
  timestamp: '2024-05-05T14:34:59.502Z'
}
{
  message: 'Server is started on port 3000',
  level: 'info',
  timestamp: '2024-05-05T14:35:55.370Z'
}
{
  message: 'Users service: user 26 added',
  level: 'info',
  timestamp: '2024-05-05T14:36:11.767Z'
}
{
  message: 'POST to .../api/customers/ |400|: _user_id is required',
  level: 'error',
  timestamp: '2024-05-05T14:36:44.105Z'
}
{
  message: 'Users service: user 26 updated',
  level: 'info',
  timestamp: '2024-05-05T14:36:44.144Z'
}
{
  message: 'Server is started on port 3000',
  level: 'info',
  timestamp: '2024-05-05T14:38:47.183Z'
}
{
  message: 'Users service: user 27 added',
  level: 'info',
  timestamp: '2024-05-05T14:38:57.438Z'
}
{
  message: 'Server is started on port 3000',
  level: 'info',
  timestamp: '2024-05-05T14:39:44.169Z'
}
{
  message: 'POST to .../api/customers/ |400|: _user_id is required',
  level: 'error',
  timestamp: '2024-05-05T14:39:57.021Z'
}
{
  message: 'Users service: user 27 updated',
  level: 'info',
  timestamp: '2024-05-05T14:39:57.043Z'
}
{
  message: 'Server is started on port 3000',
  level: 'info',
  timestamp: '2024-05-05T14:41:56.007Z'
}
{
  message: 'Server is started on port 3000',
  level: 'info',
  timestamp: '2024-05-05T14:42:36.857Z'
}
{
  message: 'Customer service: customer 13 added',
  level: 'info',
  timestamp: '2024-05-05T14:43:02.941Z'
}
{
  message: 'Server is started on port 3000',
  level: 'info',
  timestamp: '2024-05-05T14:46:45.461Z'
}
{
  message: "POST to .../api/customers/ |500|: insert into 'customers' ('address', 'credit_card', 'first_name', 'last_name', 'phone_number', 'user_id') values ($1, $2, $3, $4, $5, $6) returning 'id' - duplicate key value violates unique constraint 'customers_phone_number_unique'",
  level: 'error',
  timestamp: '2024-05-05T14:47:08.918Z'
}
{
  message: 'Users service: user 27 updated',
  level: 'info',
  timestamp: '2024-05-05T14:47:23.982Z'
}
{
  message: 'Users service: user 28 added',
  level: 'info',
  timestamp: '2024-05-05T14:48:02.752Z'
}
{
  message: 'Customer service: customer 15 added',
  level: 'info',
  timestamp: '2024-05-05T14:48:07.529Z'
}
{
  message: 'Server is started on port 3000',
  level: 'info',
  timestamp: '2024-05-05T14:49:13.116Z'
}
{
  message: "POST to .../api/customers/ |500|: insert into 'customers' ('address', 'credit_card', 'first_name', 'last_name', 'phone_number', 'user_id') values ($1, $2, $3, $4, $5, $6) returning 'id' - duplicate key value violates unique constraint 'customers_user_id_unique'",
  level: 'error',
  timestamp: '2024-05-05T14:49:16.376Z'
}
{
  message: 'POST to .../api/pages/registration |500|: fetch failed',
  level: 'error',
  timestamp: '2024-05-05T14:49:51.917Z'
}
{
  message: 'Users service: user 29 added',
  level: 'info',
  timestamp: '2024-05-05T14:50:27.800Z'
}
{
  message: 'Customer service: customer 17 added',
  level: 'info',
  timestamp: '2024-05-05T14:50:38.818Z'
}
{
  message: 'POST to .../api/pages/registration |500|: fetch failed',
  level: 'error',
  timestamp: '2024-05-05T14:50:45.365Z'
}
{
  message: 'Users service: user 30 added',
  level: 'info',
  timestamp: '2024-05-05T14:52:02.409Z'
}
{
  message: 'Customer service: customer 18 added',
  level: 'info',
  timestamp: '2024-05-05T14:52:15.521Z'
}
{
  message: 'Server is started on port 3000',
  level: 'info',
  timestamp: '2024-05-05T14:54:36.522Z'
}
{
  message: 'Server is started on port 3000',
  level: 'info',
  timestamp: '2024-05-05T14:54:55.639Z'
}
{
  message: 'Customer service: customer 19 added',
  level: 'info',
  timestamp: '2024-05-05T14:55:13.597Z'
}
{
  message: 'POST to .../api/pages/registration |500|: fetch failed',
  level: 'error',
  timestamp: '2024-05-05T14:57:11.644Z'
}
{
  message: 'Users service: user 30 updated',
  level: 'info',
  timestamp: '2024-05-05T14:58:22.406Z'
}
{
  message: 'Users service: user 30 updated',
  level: 'info',
  timestamp: '2024-05-05T14:59:57.178Z'
}
{
  message: 'Server is started on port 3000',
  level: 'info',
  timestamp: '2024-05-05T15:01:10.960Z'
}
{
  message: 'Users service: user 30 updated',
  level: 'info',
  timestamp: '2024-05-05T15:01:16.983Z'
}
{
  message: 'Server is started on port 3000',
  level: 'info',
  timestamp: '2024-05-05T15:01:28.022Z'
}
{
  message: 'Customer service: customer 20 added',
  level: 'info',
  timestamp: '2024-05-05T15:01:59.607Z'
}
{
  message: 'Users service: user 30 updated',
  level: 'info',
  timestamp: '2024-05-05T15:02:06.902Z'
}
{
  message: 'POST to .../api/pages/registration |500|: Bad request: user 30 already registered as customer',
  level: 'error',
  timestamp: '2024-05-05T15:02:35.031Z'
}
{
  message: 'Server is started on port 3000',
  level: 'info',
  timestamp: '2024-05-05T15:04:28.464Z'
}
{
  message: 'Server is started on port 3000',
  level: 'info',
  timestamp: '2024-05-05T15:04:49.686Z'
}
{
  message: 'POST to .../api/pages/registration |400|: _Bad request: user 30 already registered as customer',
  level: 'error',
  timestamp: '2024-05-05T15:04:52.499Z'
}
{
  message: 'Server is started on port 3000',
  level: 'info',
  timestamp: '2024-05-05T15:07:21.020Z'
}
{
  message: 'Server is started on port 3000',
  level: 'info',
  timestamp: '2024-05-05T15:08:01.491Z'
}
{
  message: 'Server is started on port 3000',
  level: 'info',
  timestamp: '2024-05-05T15:10:56.305Z'
}
{
  message: 'Server is started on port 3000',
  level: 'info',
  timestamp: '2024-05-05T15:11:23.095Z'
}
{
  message: 'Server is started on port 3000',
  level: 'info',
  timestamp: '2024-05-05T15:11:48.030Z'
}
{
  message: 'Server is started on port 3000',
  level: 'info',
  timestamp: '2024-05-05T15:13:13.088Z'
}
{
  message: 'Server is started on port 3000',
  level: 'info',
  timestamp: '2024-05-05T15:13:31.866Z'
}
{
  message: 'Server is started on port 3000',
  level: 'info',
  timestamp: '2024-05-05T15:14:07.689Z'
}
{
  message: 'Users service: user 31 added',
  level: 'info',
  timestamp: '2024-05-05T15:15:02.256Z'
}
{
  message: 'Server is started on port 3000',
  level: 'info',
  timestamp: '2024-05-05T15:15:37.145Z'
}
{
  message: 'Customer service: customer 21 added',
  level: 'info',
  timestamp: '2024-05-05T15:15:44.842Z'
}
{
  message: 'POST to .../api/pages/registration |500|: fetch failed',
  level: 'error',
  timestamp: '2024-05-05T15:15:53.285Z'
}
{
  message: "POST to .../api/customers/ |500|: insert into 'customers' ('address', 'credit_card', 'first_name', 'last_name', 'phone_number', 'user_id') values ($1, $2, $3, $4, $5, $6) returning 'id' - duplicate key value violates unique constraint 'customers_phone_number_unique'",
  level: 'error',
  timestamp: '2024-05-05T15:17:39.120Z'
}
{
  message: 'Users service: user 31 updated',
  level: 'info',
  timestamp: '2024-05-05T15:17:39.136Z'
}
{
  message: 'Users service: user 32 added',
  level: 'info',
  timestamp: '2024-05-05T15:18:14.521Z'
}
{
  message: 'Customer service: customer 23 added',
  level: 'info',
  timestamp: '2024-05-05T15:18:29.099Z'
}
{
  message: 'Users service: user 32 updated',
  level: 'info',
  timestamp: '2024-05-05T15:18:29.114Z'
}
{
  message: 'Server is started on port 3000',
  level: 'info',
  timestamp: '2024-05-05T15:19:13.067Z'
}
{
  message: 'Server is started on port 3000',
  level: 'info',
  timestamp: '2024-05-05T15:19:29.579Z'
}
{
  message: 'Server is started on port 3000',
  level: 'info',
  timestamp: '2024-05-05T15:20:59.116Z'
}
{
  message: 'Users service: user 33 added',
  level: 'info',
  timestamp: '2024-05-05T15:21:12.708Z'
}
{
  message: 'Users service: user 34 added',
  level: 'info',
  timestamp: '2024-05-05T15:22:43.452Z'
}
{
  message: 'POST to .../api/airlines/ |400|: _user_id is required',
  level: 'error',
  timestamp: '2024-05-05T15:23:17.250Z'
}
{
  message: 'Users service: user 34 updated',
  level: 'info',
  timestamp: '2024-05-05T15:23:17.267Z'
}
{
  message: 'Server is started on port 3000',
  level: 'info',
  timestamp: '2024-05-05T15:24:19.967Z'
}
{
  message: 'POST to .../api/pages/registration |400|: _Bad request: user 34 already registered as airline',
  level: 'error',
  timestamp: '2024-05-05T15:24:23.985Z'
}
{
  message: 'Airlines service: airline 10 added',
  level: 'info',
  timestamp: '2024-05-05T15:24:52.327Z'
}
{
  message: 'Users service: user 34 updated',
  level: 'info',
  timestamp: '2024-05-05T15:24:52.342Z'
}
{
  message: 'Users service: user 35 added',
  level: 'info',
  timestamp: '2024-05-05T15:25:36.736Z'
}
{
  message: 'Users service: user 36 added',
  level: 'info',
  timestamp: '2024-05-05T15:26:05.647Z'
}
{
  message: 'Server is started on port 3000',
  level: 'info',
  timestamp: '2024-05-05T15:26:12.496Z'
}
{
  message: 'Server is started on port 3000',
  level: 'info',
  timestamp: '2024-05-05T15:26:17.919Z'
}
{
  message: 'Server is started on port 3000',
  level: 'info',
  timestamp: '2024-05-05T15:26:29.561Z'
}
{
  message: 'Users service: user 37 added',
  level: 'info',
  timestamp: '2024-05-05T15:26:39.237Z'
}
{
  message: 'Server is started on port 3000',
  level: 'info',
  timestamp: '2024-05-05T15:28:40.656Z'
}
{
  message: 'Users service: user 38 added',
  level: 'info',
  timestamp: '2024-05-05T15:28:57.793Z'
}
{
  message: 'Server is started on port 3000',
  level: 'info',
  timestamp: '2024-05-05T15:30:01.973Z'
}
{
  message: 'Server is started on port 3000',
  level: 'info',
  timestamp: '2024-05-05T15:30:10.976Z'
}
{
  message: 'Server is started on port 3000',
  level: 'info',
  timestamp: '2024-05-05T15:31:14.684Z'
}
{
  message: 'Server is started on port 3000',
  level: 'info',
  timestamp: '2024-05-05T15:32:25.089Z'
}
{
  message: 'Server is started on port 3000',
  level: 'info',
  timestamp: '2024-05-05T15:33:03.439Z'
}
{
  message: 'Server is started on port 3000',
  level: 'info',
  timestamp: '2024-05-05T15:33:51.951Z'
}
{
  message: 'Server is started on port 3000',
  level: 'info',
  timestamp: '2024-05-05T15:34:42.427Z'
}
{
  message: 'Users service: user 39 added',
  level: 'info',
  timestamp: '2024-05-05T15:35:35.555Z'
}
{
  message: 'Airlines service: airline 11 added',
  level: 'info',
  timestamp: '2024-05-05T15:35:44.989Z'
}
{
  message: 'Users service: user 39 updated',
  level: 'info',
  timestamp: '2024-05-05T15:35:44.997Z'
}
{
  message: 'Server is started on port 3000',
  level: 'info',
  timestamp: '2024-05-05T15:36:39.967Z'
}
{
  message: 'Server is started on port 3000',
  level: 'info',
  timestamp: '2024-05-05T15:37:21.999Z'
}
{
  message: 'Server is started on port 3000',
  level: 'info',
  timestamp: '2024-05-05T15:37:55.401Z'
}
{
  message: 'Server is started on port 3000',
  level: 'info',
  timestamp: '2024-05-05T15:39:38.597Z'
}
{
  message: 'Server is started on port 3000',
  level: 'info',
  timestamp: '2024-05-05T15:40:22.724Z'
}
{
  message: 'Server is started on port 3000',
  level: 'info',
  timestamp: '2024-05-05T15:40:48.144Z'
}
{
  message: 'Server is started on port 3000',
  level: 'info',
  timestamp: '2024-05-05T15:41:30.044Z'
}
{
  message: 'Server is started on port 3000',
  level: 'info',
  timestamp: '2024-05-05T15:42:29.218Z'
}
{
  message: 'Server is started on port 3000',
  level: 'info',
  timestamp: '2024-05-05T15:43:11.294Z'
}
{
  message: 'Server is started on port 3000',
  level: 'info',
  timestamp: '2024-05-05T15:44:45.034Z'
}
{
  message: 'Server is started on port 3000',
  level: 'info',
  timestamp: '2024-05-05T15:45:20.588Z'
}
{
  message: 'Server is started on port 3000',
  level: 'info',
  timestamp: '2024-05-05T15:45:42.576Z'
}
{
  message: 'Server is started on port 3000',
  level: 'info',
  timestamp: '2024-05-05T15:46:14.958Z'
}
{
  message: 'Server is started on port 3000',
  level: 'info',
  timestamp: '2024-05-05T15:47:08.811Z'
}
{
  message: 'Server is started on port 3000',
  level: 'info',
  timestamp: '2024-05-05T15:47:19.186Z'
}
{
  message: 'Server is started on port 3000',
  level: 'info',
  timestamp: '2024-05-05T15:48:09.556Z'
}
{
  message: 'POST to .../api/airlines/getByEmail |500|: securityService.comparePassword is not a function',
  level: 'error',
  timestamp: '2024-05-05T15:48:14.672Z'
}
{
  message: 'Server is started on port 3000',
  level: 'info',
  timestamp: '2024-05-05T15:48:28.052Z'
}
{
  message: 'Server is started on port 3000',
  level: 'info',
  timestamp: '2024-05-05T15:53:47.730Z'
}
{
  message: 'Server is started on port 3000',
  level: 'info',
  timestamp: '2024-05-05T15:57:37.645Z'
}
{
  message: 'Server is started on port 3000',
  level: 'info',
  timestamp: '2024-05-05T15:59:29.359Z'
}
{
  message: 'Server is started on port 3000',
  level: 'info',
  timestamp: '2024-05-05T15:59:32.871Z'
}
{
  message: 'Server is started on port 3000',
  level: 'info',
  timestamp: '2024-05-05T16:04:14.408Z'
}
{
  message: 'Server is started on port 3000',
  level: 'info',
  timestamp: '2024-05-05T16:05:16.822Z'
}
{
  message: 'Server is started on port 3000',
  level: 'info',
  timestamp: '2024-05-05T16:06:11.300Z'
}
{
  message: 'Server is started on port 3000',
  level: 'info',
  timestamp: '2024-05-05T16:06:58.439Z'
}
{
  message: 'Server is started on port 3000',
  level: 'info',
  timestamp: '2024-05-05T16:07:29.988Z'
}
{
  message: 'Server is started on port 3000',
  level: 'info',
  timestamp: '2024-05-05T16:07:46.449Z'
}
{
  message: 'Server is started on port 3000',
  level: 'info',
  timestamp: '2024-05-05T16:08:41.170Z'
}
{
  message: 'POST to .../api/pages/login |500|: cookiesService.addSessionCookie is not a function',
  level: 'error',
  timestamp: '2024-05-05T16:08:49.444Z'
}
{
  message: 'Server is started on port 3000',
  level: 'info',
  timestamp: '2024-05-05T16:09:26.806Z'
}
{
  message: 'Server is started on port 3000',
  level: 'info',
  timestamp: '2024-05-05T16:10:49.650Z'
}
{
  message: 'Server is started on port 3000',
  level: 'info',
  timestamp: '2024-05-05T16:11:19.565Z'
}
{
  message: 'Server is started on port 3000',
  level: 'info',
  timestamp: '2024-05-05T16:13:47.546Z'
}
{
  message: 'Server is started on port 3000',
  level: 'info',
  timestamp: '2024-05-05T16:14:05.827Z'
}
{
  message: 'Server is started on port 3000',
  level: 'info',
  timestamp: '2024-05-05T16:14:18.147Z'
}
{
  message: 'Server is started on port 3000',
  level: 'info',
  timestamp: '2024-05-05T16:14:22.415Z'
}
{
  message: 'Server is started on port 3000',
  level: 'info',
  timestamp: '2024-05-05T16:14:32.290Z'
}
{
  message: 'POST to .../api/pages/login |500|: isAuthenticated.json is not a function',
  level: 'error',
  timestamp: '2024-05-05T16:14:45.858Z'
}
{
  message: 'POST to .../api/pages/login |500|: isAuthenticated.json is not a function',
  level: 'error',
  timestamp: '2024-05-05T16:14:55.066Z'
}
{
  message: 'POST to .../api/pages/login |500|: isAuthenticated.json is not a function',
  level: 'error',
  timestamp: '2024-05-05T16:15:03.389Z'
}
{
  message: 'Server is started on port 3000',
  level: 'info',
  timestamp: '2024-05-05T16:15:16.194Z'
}
{
  message: 'Server is started on port 3000',
  level: 'info',
  timestamp: '2024-05-05T16:16:20.441Z'
}
{
  message: 'Server is started on port 3000',
  level: 'info',
  timestamp: '2024-05-05T16:17:04.592Z'
}
{
  message: 'Server is started on port 3000',
  level: 'info',
  timestamp: '2024-05-05T16:17:55.086Z'
}
{
  message: 'Server is started on port 3000',
  level: 'info',
  timestamp: '2024-05-05T16:19:25.809Z'
}
{
  message: 'Server is started on port 3000',
  level: 'info',
  timestamp: '2024-05-05T16:19:52.543Z'
}
{
  message: 'Server is started on port 3000',
  level: 'info',
  timestamp: '2024-05-05T16:22:17.307Z'
}
{
  message: 'Server is started on port 3000',
  level: 'info',
  timestamp: '2024-05-05T16:23:28.827Z'
}
{
  message: 'Server is started on port 3000',
  level: 'info',
  timestamp: '2024-05-05T16:25:37.866Z'
}
{
  message: 'Users service: user 40 added',
  level: 'info',
  timestamp: '2024-05-05T16:25:52.963Z'
}
{
  message: 'Airlines service: airline 12 added',
  level: 'info',
  timestamp: '2024-05-05T16:26:07.008Z'
}
{
  message: 'Users service: user 40 updated',
  level: 'info',
  timestamp: '2024-05-05T16:26:07.019Z'
}
{
  message: 'Airlines service: airline 13 added',
  level: 'info',
  timestamp: '2024-05-05T16:27:09.283Z'
}
{
  message: 'Users service: user 40 updated',
  level: 'info',
  timestamp: '2024-05-05T16:27:09.293Z'
}
{
  message: 'Server is started on port 3000',
  level: 'info',
  timestamp: '2024-05-05T16:29:18.614Z'
}
{
  message: 'Server is started on port 3000',
  level: 'info',
  timestamp: '2024-05-05T16:31:44.363Z'
}
{
  message: 'Users service: user 41 added',
  level: 'info',
  timestamp: '2024-05-05T16:31:55.168Z'
}
{
  message: 'Airlines service: airline 14 added',
  level: 'info',
  timestamp: '2024-05-05T16:32:14.961Z'
}
{
  message: 'Users service: user 41 updated',
  level: 'info',
  timestamp: '2024-05-05T16:32:14.975Z'
}
{
  message: 'Server is started on port 3000',
  level: 'info',
  timestamp: '2024-05-05T16:37:04.987Z'
}
{
  message: 'Server is started on port 3000',
  level: 'info',
  timestamp: '2024-05-05T16:37:30.900Z'
}
{
  message: 'Server is started on port 3000',
  level: 'info',
  timestamp: '2024-05-05T16:38:02.429Z'
}
{
  message: 'Server is started on port 3000',
  level: 'info',
  timestamp: '2024-05-05T16:38:55.572Z'
}
{
  message: 'Server is started on port 3000',
  level: 'info',
  timestamp: '2024-05-05T16:38:59.449Z'
}
{
  message: 'Server is started on port 3000',
  level: 'info',
  timestamp: '2024-05-05T16:39:04.472Z'
}
{
  message: 'Server is started on port 3000',
  level: 'info',
  timestamp: '2024-05-05T16:39:08.095Z'
}
{
  message: 'Server is started on port 3000',
  level: 'info',
  timestamp: '2024-05-05T16:39:25.083Z'
}
{
  message: 'Server is started on port 3000',
  level: 'info',
  timestamp: '2024-05-05T16:39:30.863Z'
}
{
  message: 'Server is started on port 3000',
  level: 'info',
  timestamp: '2024-05-05T16:39:37.157Z'
}
{
  message: 'Server is started on port 3000',
  level: 'info',
  timestamp: '2024-05-05T16:39:50.405Z'
}
{
  message: 'Server is started on port 3000',
  level: 'info',
  timestamp: '2024-05-05T16:40:14.277Z'
}
{
  message: 'Server is started on port 3000',
  level: 'info',
  timestamp: '2024-05-05T16:40:28.272Z'
}
{
  message: 'Server is started on port 3000',
  level: 'info',
  timestamp: '2024-05-05T16:40:33.105Z'
}
{
  message: 'Server is started on port 3000',
  level: 'info',
  timestamp: '2024-05-05T16:41:51.236Z'
}
{
  message: 'Server is started on port 3000',
  level: 'info',
  timestamp: '2024-05-05T16:43:01.504Z'
}
{
  message: 'Server is started on port 3000',
  level: 'info',
  timestamp: '2024-05-05T16:46:00.927Z'
}
{
  message: 'Server is started on port 3000',
  level: 'info',
  timestamp: '2024-05-05T16:46:49.360Z'
}
{
  message: 'Server is started on port 3000',
  level: 'info',
  timestamp: '2024-05-05T16:47:27.715Z'
}
{
  message: 'Server is started on port 3000',
  level: 'info',
  timestamp: '2024-05-05T16:48:17.955Z'
}
{
  message: 'Server is started on port 3000',
  level: 'info',
  timestamp: '2024-05-05T16:48:31.616Z'
}
{
  message: 'Server is started on port 3000',
  level: 'info',
  timestamp: '2024-05-05T16:49:19.066Z'
}
{
  message: 'Server is started on port 3000',
  level: 'info',
  timestamp: '2024-05-05T16:49:30.621Z'
}
{
  message: 'Server is started on port 3000',
  level: 'info',
  timestamp: '2024-05-05T16:50:05.258Z'
}
{
  message: 'Server is started on port 3000',
  level: 'info',
  timestamp: '2024-05-05T16:50:15.405Z'
}
{
  message: 'Server is started on port 3000',
  level: 'info',
  timestamp: '2024-05-05T16:50:41.700Z'
}
{
  message: 'Server is started on port 3000',
  level: 'info',
  timestamp: '2024-05-05T16:52:47.999Z'
}
{
  message: 'Server is started on port 3000',
  level: 'info',
  timestamp: '2024-05-05T16:54:35.331Z'
}
{
  message: 'Server is started on port 3000',
  level: 'info',
  timestamp: '2024-05-05T16:57:02.044Z'
}
{
  message: 'Server is started on port 3000',
  level: 'info',
  timestamp: '2024-05-05T16:57:43.576Z'
}
{
  message: 'Server is started on port 3000',
  level: 'info',
  timestamp: '2024-05-05T16:58:39.745Z'
}
{
  message: 'Server is started on port 3000',
  level: 'info',
  timestamp: '2024-05-05T16:59:09.979Z'
}
{
  message: 'Server is started on port 3000',
  level: 'info',
  timestamp: '2024-05-05T16:59:41.680Z'
}
{
  message: 'Server is started on port 3000',
  level: 'info',
  timestamp: '2024-05-05T17:00:10.651Z'
}
{
  message: 'Server is started on port 3000',
  level: 'info',
  timestamp: '2024-05-05T17:00:59.075Z'
}
{
  message: 'Server is started on port 3000',
  level: 'info',
  timestamp: '2024-05-05T17:01:58.079Z'
}
{
  message: 'Server is started on port 3000',
  level: 'info',
  timestamp: '2024-05-05T17:03:23.548Z'
}
{
  message: 'Server is started on port 3000',
  level: 'info',
  timestamp: '2024-05-05T17:04:27.963Z'
}
{
  message: 'GET to .../api/airlines/d41 |500|: select * from users where id = d41 - column "d41" does not exist',
  level: 'error',
  timestamp: '2024-05-05T17:04:57.291Z'
}
{
  message: 'Server is started on port 3000',
  level: 'info',
  timestamp: '2024-05-05T17:06:24.359Z'
}
{
  message: 'Server is started on port 3000',
  level: 'info',
  timestamp: '2024-05-05T17:07:19.497Z'
}
{
  message: 'Server is started on port 3000',
  level: 'info',
  timestamp: '2024-05-05T17:07:35.223Z'
}
{
  message: 'Server is started on port 3000',
  level: 'info',
  timestamp: '2024-05-05T17:07:53.891Z'
}
{
  message: 'Server is started on port 3000',
  level: 'info',
  timestamp: '2024-05-05T17:11:35.474Z'
}
{
  message: 'Server is started on port 3000',
  level: 'info',
  timestamp: '2024-05-05T17:14:16.449Z'
}
{
  message: 'Server is started on port 3000',
  level: 'info',
  timestamp: '2024-05-05T17:14:57.281Z'
}
{
  message: 'Server is started on port 3000',
  level: 'info',
  timestamp: '2024-05-05T17:15:51.716Z'
}
{
  message: 'Server is started on port 3000',
  level: 'info',
  timestamp: '2024-05-05T17:18:09.522Z'
}
{
  message: 'Server is started on port 3000',
  level: 'info',
  timestamp: '2024-05-05T17:18:44.634Z'
}
{
  message: 'Server is started on port 3000',
  level: 'info',
  timestamp: '2024-05-05T17:19:01.696Z'
}
{
  message: 'Server is started on port 3000',
  level: 'info',
  timestamp: '2024-05-05T17:20:23.519Z'
}
{
  message: 'Server is started on port 3000',
  level: 'info',
  timestamp: '2024-05-05T17:23:26.039Z'
}
{
  message: 'Server is started on port 3000',
  level: 'info',
  timestamp: '2024-05-05T17:23:39.196Z'
}
{
  message: 'Server is started on port 3000',
  level: 'info',
  timestamp: '2024-05-05T17:24:02.122Z'
}
{
  message: 'Server is started on port 3000',
  level: 'info',
  timestamp: '2024-05-05T17:25:43.199Z'
}
{
  message: 'Server is started on port 3000',
  level: 'info',
  timestamp: '2024-05-05T17:28:43.594Z'
}
{
  message: 'Server is started on port 3000',
  level: 'info',
  timestamp: '2024-05-05T17:28:58.301Z'
}
{
  message: 'Server is started on port 3000',
  level: 'info',
  timestamp: '2024-05-05T17:29:09.263Z'
}
{
  message: 'Server is started on port 3000',
  level: 'info',
  timestamp: '2024-05-05T17:29:18.250Z'
}
{
  message: 'Server is started on port 3000',
  level: 'info',
  timestamp: '2024-05-05T17:29:48.174Z'
}
{
  message: 'Server is started on port 3000',
  level: 'info',
  timestamp: '2024-05-05T17:33:54.502Z'
}
{
  message: 'Server is started on port 3000',
  level: 'info',
  timestamp: '2024-05-05T17:34:45.651Z'
}
{
  message: 'Server is started on port 3000',
  level: 'info',
  timestamp: '2024-05-05T17:40:56.914Z'
}
{
  message: 'Server is started on port 3000',
  level: 'info',
  timestamp: '2024-05-05T17:42:14.476Z'
}
{
  message: 'Server is started on port 3000',
  level: 'info',
  timestamp: '2024-05-05T17:45:25.437Z'
}
{
  message: 'GET to .../api/services/current_user_info |400|: _airline 41 not found',
  level: 'error',
  timestamp: '2024-05-05T17:45:30.359Z'
}
{
  message: 'Server is started on port 3000',
  level: 'info',
  timestamp: '2024-05-05T17:47:32.212Z'
}
{
  message: 'GET to .../api/services/current_user_info |400|: _airline 41 not found',
  level: 'error',
  timestamp: '2024-05-05T17:47:35.187Z'
}
{
  message: 'Server is started on port 3000',
  level: 'info',
  timestamp: '2024-05-05T17:48:36.085Z'
}
{
  message: 'Server is started on port 3000',
  level: 'info',
  timestamp: '2024-05-05T17:49:14.883Z'
}
{
  message: 'Server is started on port 3000',
  level: 'info',
  timestamp: '2024-05-05T17:50:02.789Z'
}
{
  message: 'Server is started on port 3000',
  level: 'info',
  timestamp: '2024-05-05T17:50:29.293Z'
}
{
  message: 'Server is started on port 3000',
  level: 'info',
  timestamp: '2024-05-05T17:50:46.110Z'
}
{
  message: 'Server is started on port 3000',
  level: 'info',
  timestamp: '2024-05-05T17:51:51.545Z'
}
{
  message: 'Server is started on port 3000',
  level: 'info',
  timestamp: '2024-05-05T17:52:13.585Z'
}
{
  message: 'Server is started on port 3000',
  level: 'info',
  timestamp: '2024-05-05T17:52:26.449Z'
}
{
  message: 'Server is started on port 3000',
  level: 'info',
  timestamp: '2024-05-05T17:52:39.251Z'
}
{
  message: 'Server is started on port 3000',
  level: 'info',
  timestamp: '2024-05-05T17:53:07.152Z'
}
{
  message: 'Server is started on port 3000',
  level: 'info',
  timestamp: '2024-05-05T17:53:23.122Z'
}
{
  message: 'Server is started on port 3000',
  level: 'info',
  timestamp: '2024-05-05T17:53:27.646Z'
}
{
  message: 'Server is started on port 3000',
  level: 'info',
  timestamp: '2024-05-05T17:54:18.690Z'
}
{
  message: 'Server is started on port 3000',
  level: 'info',
  timestamp: '2024-05-05T17:54:22.854Z'
}
{
  message: 'Server is started on port 3000',
  level: 'info',
  timestamp: '2024-05-05T17:55:07.516Z'
}
{
  message: 'Server is started on port 3000',
  level: 'info',
  timestamp: '2024-05-05T17:56:25.891Z'
}
{
  message: 'Server is started on port 3000',
  level: 'info',
  timestamp: '2024-05-05T17:56:44.232Z'
}
{
  message: 'Server is started on port 3000',
  level: 'info',
  timestamp: '2024-05-05T17:58:25.754Z'
}
{
  message: 'Server is started on port 3000',
  level: 'info',
  timestamp: '2024-05-05T17:58:49.894Z'
}
{
  message: 'Server is started on port 3000',
  level: 'info',
  timestamp: '2024-05-05T17:58:56.597Z'
}
{
  message: 'Server is started on port 3000',
  level: 'info',
  timestamp: '2024-05-05T17:59:59.943Z'
}
{
  message: 'Server is started on port 3000',
  level: 'info',
  timestamp: '2024-05-05T18:00:44.018Z'
}
{
  message: 'Server is started on port 3000',
  level: 'info',
  timestamp: '2024-05-05T18:01:12.161Z'
}
{
  message: 'Server is started on port 3000',
  level: 'info',
  timestamp: '2024-05-05T18:01:23.189Z'
}
{
  message: 'Server is started on port 3000',
  level: 'info',
  timestamp: '2024-05-05T18:02:08.825Z'
}
{
  message: 'Server is started on port 3000',
  level: 'info',
  timestamp: '2024-05-05T18:02:39.956Z'
}
{
  message: 'Server is started on port 3000',
  level: 'info',
  timestamp: '2024-05-05T18:03:16.610Z'
}
{
  message: 'Server is started on port 3000',
  level: 'info',
  timestamp: '2024-05-05T18:04:53.856Z'
}
{
  message: 'Server is started on port 3000',
  level: 'info',
  timestamp: '2024-05-05T18:08:31.275Z'
}
{
  message: 'Server is started on port 3000',
  level: 'info',
  timestamp: '2024-05-05T18:09:01.065Z'
}
{
  message: 'Server is started on port 3000',
  level: 'info',
  timestamp: '2024-05-05T18:09:37.762Z'
}
{
  message: 'Server is started on port 3000',
  level: 'info',
  timestamp: '2024-05-05T18:10:30.516Z'
}
{
  message: 'Server is started on port 3000',
  level: 'info',
  timestamp: '2024-05-05T18:10:53.925Z'
}
{
  message: 'Server is started on port 3000',
  level: 'info',
  timestamp: '2024-05-05T18:11:04.813Z'
}
{
  message: 'Server is started on port 3000',
  level: 'info',
  timestamp: '2024-05-05T18:11:14.063Z'
}
{
  message: 'Server is started on port 3000',
  level: 'info',
  timestamp: '2024-05-05T18:11:22.389Z'
}
{
  message: 'Server is started on port 3000',
  level: 'info',
  timestamp: '2024-05-05T18:11:37.893Z'
}
{
  message: 'Server is started on port 3000',
  level: 'info',
  timestamp: '2024-05-05T18:13:27.884Z'
}
{
  message: 'Server is started on port 3000',
  level: 'info',
  timestamp: '2024-05-05T18:13:44.018Z'
}
{
  message: 'Server is started on port 3000',
  level: 'info',
  timestamp: '2024-05-05T18:21:32.960Z'
}
{
  message: 'Server is started on port 3000',
  level: 'info',
  timestamp: '2024-05-05T18:21:38.249Z'
}
{
  message: 'Server is started on port 3000',
  level: 'info',
  timestamp: '2024-05-05T18:22:30.765Z'
}
{
  message: 'Server is started on port 3000',
  level: 'info',
  timestamp: '2024-05-05T18:22:54.168Z'
}
{
  message: 'Server is started on port 3000',
  level: 'info',
  timestamp: '2024-05-05T18:22:58.504Z'
}
{
  message: 'Server is started on port 3000',
  level: 'info',
  timestamp: '2024-05-05T18:26:25.834Z'
}
{
  message: 'Server is started on port 3000',
  level: 'info',
  timestamp: '2024-05-05T18:27:10.750Z'
}
{
  message: 'Server is started on port 3000',
  level: 'info',
  timestamp: '2024-05-05T18:27:53.577Z'
}
{
  message: 'Server is started on port 3000',
  level: 'info',
  timestamp: '2024-05-05T18:28:49.093Z'
}
{
  message: 'Server is started on port 3000',
  level: 'info',
  timestamp: '2024-05-05T18:29:15.966Z'
}
{
  message: 'Server is started on port 3000',
  level: 'info',
  timestamp: '2024-05-05T18:32:19.147Z'
}
{
  message: 'Server is started on port 3000',
  level: 'info',
  timestamp: '2024-05-05T18:33:16.077Z'
}
{
  message: 'Server is started on port 3000',
  level: 'info',
  timestamp: '2024-05-05T18:35:59.121Z'
}
{
  message: 'Server is started on port 3000',
  level: 'info',
  timestamp: '2024-05-05T18:37:04.959Z'
}
{
  message: 'Server is started on port 3000',
  level: 'info',
  timestamp: '2024-05-05T18:39:22.394Z'
}
{
  message: 'Server is started on port 3000',
  level: 'info',
  timestamp: '2024-05-05T18:39:38.589Z'
}
{
  message: 'Server is started on port 3000',
  level: 'info',
  timestamp: '2024-05-05T18:39:59.486Z'
}
{
  message: 'Server is started on port 3000',
  level: 'info',
  timestamp: '2024-05-05T18:40:52.256Z'
}
{
  message: 'Server is started on port 3000',
  level: 'info',
  timestamp: '2024-05-05T18:41:26.803Z'
}
{
  message: 'Server is started on port 3000',
  level: 'info',
  timestamp: '2024-05-05T18:44:41.896Z'
}
{
  message: 'Server is started on port 3000',
  level: 'info',
  timestamp: '2024-05-05T18:45:57.801Z'
}
{
  message: 'Server is started on port 3000',
  level: 'info',
  timestamp: '2024-05-05T18:47:26.088Z'
}
{
  message: 'Server is started on port 3000',
  level: 'info',
  timestamp: '2024-05-05T18:48:01.118Z'
}
{
  message: 'Server is started on port 3000',
  level: 'info',
  timestamp: '2024-05-05T18:48:24.203Z'
}
{
  message: 'Server is started on port 3000',
  level: 'info',
  timestamp: '2024-05-05T18:49:07.778Z'
}
{
  message: 'Server is started on port 3000',
  level: 'info',
  timestamp: '2024-05-05T18:49:35.081Z'
}
{
  message: 'Server is started on port 3000',
  level: 'info',
  timestamp: '2024-05-05T18:50:00.221Z'
}
{
  message: 'Server is started on port 3000',
  level: 'info',
  timestamp: '2024-05-05T18:50:18.168Z'
}
{
  message: 'Server is started on port 3000',
  level: 'info',
  timestamp: '2024-05-05T18:50:33.401Z'
}
{
  message: 'User 41 bought ticket undefined for flight 1',
  level: 'info',
  timestamp: '2024-05-05T18:50:37.432Z'
}
{
  message: 'User 41 bought ticket undefined for flight 1',
  level: 'info',
  timestamp: '2024-05-05T18:50:57.144Z'
}
{
  message: 'Server is started on port 3000',
  level: 'info',
  timestamp: '2024-05-05T18:52:00.569Z'
}
{
  message: 'Server is started on port 3000',
  level: 'info',
  timestamp: '2024-05-05T18:52:15.085Z'
}
{
  message: 'Server is started on port 3000',
  level: 'info',
  timestamp: '2024-05-05T18:52:27.521Z'
}
{
  message: 'Server is started on port 3000',
  level: 'info',
  timestamp: '2024-05-05T18:53:14.758Z'
}
{
  message: 'Server is started on port 3000',
  level: 'info',
  timestamp: '2024-05-05T18:54:49.545Z'
}
{
  message: 'Server is started on port 3000',
  level: 'info',
  timestamp: '2024-05-05T18:57:26.049Z'
}
{
  message: 'Server is started on port 3000',
  level: 'info',
  timestamp: '2024-05-05T19:00:27.259Z'
}
{
  message: 'Server is started on port 3000',
  level: 'info',
  timestamp: '2024-05-05T19:01:08.975Z'
}
{
  message: 'Server is started on port 3000',
  level: 'info',
  timestamp: '2024-05-05T19:01:21.338Z'
}
{
  message: 'Server is started on port 3000',
  level: 'info',
  timestamp: '2024-05-05T19:01:47.197Z'
}
{
  message: 'Server is started on port 3000',
  level: 'info',
  timestamp: '2024-05-05T19:02:02.847Z'
}
{
  message: 'Server is started on port 3000',
  level: 'info',
  timestamp: '2024-05-05T19:02:15.778Z'
}
{
  message: 'Server is started on port 3000',
  level: 'info',
  timestamp: '2024-05-05T19:03:26.612Z'
}
{
  message: 'Server is started on port 3000',
  level: 'info',
  timestamp: '2024-05-05T19:03:43.377Z'
}
{
  message: 'Server is started on port 3000',
  level: 'info',
  timestamp: '2024-05-05T19:04:06.062Z'
}
{
  message: 'Server is started on port 3000',
  level: 'info',
  timestamp: '2024-05-05T19:05:23.374Z'
}
{
  message: 'Server is started on port 3000',
  level: 'info',
  timestamp: '2024-05-05T19:05:45.022Z'
}
{
  message: 'Server is started on port 3000',
  level: 'info',
  timestamp: '2024-05-05T19:06:50.524Z'
}
{
  message: 'Server is started on port 3000',
  level: 'info',
  timestamp: '2024-05-05T19:07:42.721Z'
}
{
  message: 'Server is started on port 3000',
  level: 'info',
  timestamp: '2024-05-05T19:08:06.097Z'
}
{
  message: 'Server is started on port 3000',
  level: 'info',
  timestamp: '2024-05-05T19:08:51.202Z'
}
{
  message: 'Server is started on port 3000',
  level: 'info',
  timestamp: '2024-05-05T19:09:31.442Z'
}
{
  message: 'Server is started on port 3000',
  level: 'info',
  timestamp: '2024-05-05T19:10:21.719Z'
}
{
  message: 'Server is started on port 3000',
  level: 'info',
  timestamp: '2024-05-05T19:11:42.514Z'
}
{
  message: 'Server is started on port 3000',
  level: 'info',
  timestamp: '2024-05-05T19:11:49.402Z'
}
{
  message: 'Server is started on port 3000',
  level: 'info',
  timestamp: '2024-05-05T19:13:04.687Z'
}
{
  message: 'Server is started on port 3000',
  level: 'info',
  timestamp: '2024-05-05T19:13:22.639Z'
}
{
  message: 'Server is started on port 3000',
  level: 'info',
  timestamp: '2024-05-05T19:15:33.337Z'
}
{
  message: 'Server is started on port 3000',
  level: 'info',
  timestamp: '2024-05-05T19:17:14.520Z'
}
{
  message: 'Server is started on port 3000',
  level: 'info',
  timestamp: '2024-05-05T19:19:33.495Z'
}
{
  message: 'Server is started on port 3000',
  level: 'info',
  timestamp: '2024-05-05T19:20:38.790Z'
}
{
  message: 'Server is started on port 3000',
  level: 'info',
  timestamp: '2024-05-05T19:21:53.276Z'
}
{
  message: 'Server is started on port 3000',
  level: 'info',
  timestamp: '2024-05-05T19:22:02.944Z'
}
{
  message: 'Server is started on port 3000',
  level: 'info',
  timestamp: '2024-05-05T19:22:17.887Z'
}
{
  message: 'Server is started on port 3000',
  level: 'info',
  timestamp: '2024-05-05T19:23:41.710Z'
}
{
  message: 'Server is started on port 3000',
  level: 'info',
  timestamp: '2024-05-05T19:23:45.717Z'
}
{
  message: 'Server is started on port 3000',
  level: 'info',
  timestamp: '2024-05-05T19:24:02.096Z'
}
{
  message: 'Server is started on port 3000',
  level: 'info',
  timestamp: '2024-05-05T19:29:57.939Z'
}
{
  message: 'Server is started on port 3000',
  level: 'info',
  timestamp: '2024-05-05T19:30:16.945Z'
}
{
  message: 'Server is started on port 3000',
  level: 'info',
  timestamp: '2024-05-05T19:31:19.442Z'
}
{
  message: 'Server is started on port 3000',
  level: 'info',
  timestamp: '2024-05-05T19:32:45.018Z'
}
{
  message: 'Server is started on port 3000',
  level: 'info',
  timestamp: '2024-05-05T19:33:58.336Z'
}
{
  message: 'GET to .../api/services/get_chosen_customer_flights/1 |500|: select * from airlines where id = undefined - column "undefined" does not exist',
  level: 'error',
  timestamp: '2024-05-05T19:34:01.383Z'
}
{
  message: 'Server is started on port 3000',
  level: 'info',
  timestamp: '2024-05-05T19:34:46.950Z'
}
{
  message: 'Server is started on port 3000',
  level: 'info',
  timestamp: '2024-05-05T19:36:06.375Z'
}
{
  message: 'Server is started on port 3000',
  level: 'info',
  timestamp: '2024-05-05T19:37:07.091Z'
}
{
  message: 'Server is started on port 3000',
  level: 'info',
  timestamp: '2024-05-05T19:39:12.409Z'
}
{
  message: 'Server is started on port 3000',
  level: 'info',
  timestamp: '2024-05-05T19:41:18.489Z'
}
