{
  message: 'POST to / |: _value of password() is blank',
  level: 'error',
  timestamp: '2024-04-10T16:08:41.655Z'
}
{
  message: 'POST to / |: _value of password() is blank',
  level: 'error',
  timestamp: '2024-04-10T16:09:25.081Z'
}
{
  message: 'POST to / |: _value of password() is blank',
  level: 'error',
  timestamp: '2024-04-10T16:09:54.091Z'
}
{
  message: 'POST to / |: _value of password() is blank',
  level: 'error',
  timestamp: '2024-04-10T16:10:25.991Z'
}
{
  message: 'POST to / |: _value of password() is blank',
  level: 'error',
  timestamp: '2024-04-10T16:13:06.278Z'
}
{
  message: 'POST to / |: _value of password() is blank',
  level: 'error',
  timestamp: '2024-04-10T16:13:46.942Z'
}
{
  message: 'POST to / |: Cannot set headers after they are sent to the client',
  level: 'error',
  timestamp: '2024-04-10T16:17:04.453Z'
}
{
  message: 'POST to / |: Cannot set headers after they are sent to the client',
  level: 'error',
  timestamp: '2024-04-10T16:17:47.693Z'
}
{
  message: 'POST to / |: _value of password() is blank',
  level: 'error',
  timestamp: '2024-04-10T16:23:34.453Z'
}
{
  message: 'POST to / |: _value of password() is blank',
  level: 'error',
  timestamp: '2024-04-10T16:34:25.570Z'
}
{
  message: 'POST to / |: _value of password() is blank',
  level: 'error',
  timestamp: '2024-04-10T16:57:38.616Z'
}
{
  message: 'POST to / |: _value of password() is blank',
  level: 'error',
  timestamp: '2024-04-10T16:58:47.164Z'
}
{
  message: 'POST to / |: _value of password() is blank',
  level: 'error',
  timestamp: '2024-04-10T17:23:44.441Z'
}
{
  message: 'POST to / |: _value of password() is blank',
  level: 'error',
  timestamp: '2024-04-10T17:32:39.399Z'
}
{
  message: 'POST to / |: _value of password() is blank',
  level: 'error',
  timestamp: '2024-04-10T18:20:37.936Z'
}
{
  message: 'GET to /login |: select * from users where id = login - column "login" does not exist',
  level: 'error',
  timestamp: '2024-04-10T18:51:39.252Z'
}
{
  message: 'POST to /login |: User not found',
  level: 'error',
  timestamp: '2024-04-10T18:57:17.871Z'
}
{
  message: 'POST to / |: _username is required',
  level: 'error',
  timestamp: '2024-04-12T12:10:58.568Z'
}
{
  message: 'POST to / |: _value of email() is blank',
  level: 'error',
  timestamp: '2024-04-12T14:02:18.885Z'
}
{
  message: 'POST to / |: _value of email() is blank',
  level: 'error',
  timestamp: '2024-04-13T11:56:22.268Z'
}
{
  message: 'POST to /login |: Invalid credentials',
  level: 'error',
  timestamp: '2024-04-13T13:15:00.514Z'
}
{
  message: 'POST to /login |: Invalid credentials',
  level: 'error',
  timestamp: '2024-04-13T13:15:44.056Z'
}
{
  message: 'POST to /login |: Invalid credentials',
  level: 'error',
  timestamp: '2024-04-13T13:21:59.514Z'
}
{
  message: 'POST to /login |: Invalid credentials',
  level: 'error',
  timestamp: '2024-04-13T13:22:40.010Z'
}
{
  message: 'POST to /login |: Invalid credentials',
  level: 'error',
  timestamp: '2024-04-13T13:23:00.657Z'
}
{
  message: 'POST to /login |: Invalid credentials',
  level: 'error',
  timestamp: '2024-04-13T13:23:09.688Z'
}
{
  message: "GET to /dashboard |: Cannot read properties of undefined (reading 'id')",
  level: 'error',
  timestamp: '2024-04-13T16:03:27.209Z'
}
{
  message: "GET to /dashboard |: Cannot read properties of undefined (reading 'id')",
  level: 'error',
  timestamp: '2024-04-13T16:04:07.847Z'
}
{
  message: "GET to /dashboard |: Cannot read properties of undefined (reading 'id')",
  level: 'error',
  timestamp: '2024-04-13T16:04:59.677Z'
}
{
  message: "GET to /dashboard |: Cannot read properties of undefined (reading 'id')",
  level: 'error',
  timestamp: '2024-04-13T16:06:05.072Z'
}
{
  message: "GET to /dashboard |: Cannot read properties of undefined (reading 'id')",
  level: 'error',
  timestamp: '2024-04-13T16:08:25.431Z'
}
{
  message: 'POST to /login |: Cannot set headers after they are sent to the client',
  level: 'error',
  timestamp: '2024-04-19T15:45:01.916Z'
}
{
  message: "GET to /dashboard |: Cannot read properties of undefined (reading 'id')",
  level: 'error',
  timestamp: '2024-04-19T15:45:56.381Z'
}
{
  message: "GET to /dashboard |: Cannot read properties of undefined (reading 'id')",
  level: 'error',
  timestamp: '2024-04-19T15:47:34.164Z'
}
{
  message: "GET to /dashboard |: Cannot read properties of undefined (reading 'id')",
  level: 'error',
  timestamp: '2024-04-19T15:48:50.952Z'
}
{
  message: "GET to /dashboard |: Cannot read properties of undefined (reading 'id')",
  level: 'error',
  timestamp: '2024-04-19T15:49:39.655Z'
}
{
  message: "GET to /dashboard |: Cannot read properties of undefined (reading 'id')",
  level: 'error',
  timestamp: '2024-04-19T15:57:35.404Z'
}
{
  message: 'POST to /login |: Cannot set headers after they are sent to the client',
  level: 'error',
  timestamp: '2024-04-19T16:27:58.890Z'
}
{
  message: 'POST to /login |: Cannot set headers after they are sent to the client',
  level: 'error',
  timestamp: '2024-04-19T16:29:27.653Z'
}
{
  message: 'POST to /login |: Cannot set headers after they are sent to the client',
  level: 'error',
  timestamp: '2024-04-19T16:31:23.561Z'
}
{
  message: 'GET to /dashboard |: select * from tickets where customer_id = undefined - column "undefined" does not exist',
  level: 'error',
  timestamp: '2024-04-19T16:32:03.656Z'
}
{
  message: 'GET to /dashboard |: select * from tickets where customer_id = undefined - column "undefined" does not exist',
  level: 'error',
  timestamp: '2024-04-19T16:32:40.037Z'
}
{
  message: 'GET to /dashboard |: select * from tickets where customer_id = undefined - column "undefined" does not exist',
  level: 'error',
  timestamp: '2024-04-19T16:33:50.863Z'
}
{
  message: 'GET to /dashboard |: select * from tickets where customer_id = undefined - column "undefined" does not exist',
  level: 'error',
  timestamp: '2024-04-19T16:34:01.382Z'
}
{
  message: 'GET to /dashboard |: select * from tickets where customer_id = undefined - column "undefined" does not exist',
  level: 'error',
  timestamp: '2024-04-19T16:34:25.162Z'
}
{
  message: 'GET to /dashboard |: select * from tickets where customer_id = undefined - column "undefined" does not exist',
  level: 'error',
  timestamp: '2024-04-19T16:35:02.703Z'
}
{
  message: 'POST to /login |: pagesService.dashBoardPageRender is not a function',
  level: 'error',
  timestamp: '2024-04-19T16:38:15.245Z'
}
{
  message: 'GET to /dashboard |: Date(...).toLocaleDateString is not a function',
  level: 'error',
  timestamp: '2024-04-19T16:52:29.477Z'
}
{
  message: 'POST to /login |: pagesService.dashBoardPageRender is not a function',
  level: 'error',
  timestamp: '2024-04-19T17:12:14.440Z'
}
{
  message: "GET to /dashboard |: Cannot read properties of undefined (reading 'id')",
  level: 'error',
  timestamp: '2024-04-19T17:13:34.887Z'
}
{
  message: "GET to /dashboard |: Cannot read properties of undefined (reading 'id')",
  level: 'error',
  timestamp: '2024-04-19T17:14:49.849Z'
}
{
  message: "GET to /dashboard |: Cannot read properties of undefined (reading 'id')",
  level: 'error',
  timestamp: '2024-04-19T17:15:16.948Z'
}
{
  message: "GET to /dashboard |: Cannot read properties of undefined (reading 'id')",
  level: 'error',
  timestamp: '2024-04-19T17:15:31.683Z'
}
{
  message: 'GET to /dashboard |: select * from airlines where id = undefined - column "undefined" does not exist',
  level: 'error',
  timestamp: '2024-04-19T17:25:13.572Z'
}
{
  message: 'GET to /dashboard |: select * from airlines where id = undefined - column "undefined" does not exist',
  level: 'error',
  timestamp: '2024-04-19T17:34:43.277Z'
}
{
  message: 'GET to /dashboard |: select * from tickets where customer_id = undefined - column "undefined" does not exist',
  level: 'error',
  timestamp: '2024-04-20T09:02:25.671Z'
}
{
  message: 'GET to /dashboard |: select * from airlines where id = undefined - column "undefined" does not exist',
  level: 'error',
  timestamp: '2024-04-20T09:41:29.827Z'
}
{
  message: 'GET to /table-delete |: select * from tickets where id = table-delete - syntax error at or near "table"',
  level: 'error',
  timestamp: '2024-04-20T11:13:38.730Z'
}
{
  message: "DELETE to /table-create |: Cannot read properties of undefined (reading 'id')",
  level: 'error',
  timestamp: '2024-04-20T11:13:55.197Z'
}
{
  message: 'DELETE to /table-delete |: drop table if exists "customers" - cannot drop table customers because other objects depend on it',
  level: 'error',
  timestamp: '2024-04-20T14:22:01.262Z'
}
{
  message: 'DELETE to /table-delete |: drop table if exists "users" - cannot drop table users because other objects depend on it',
  level: 'error',
  timestamp: '2024-04-20T14:28:00.162Z'
}
{
  message: 'GET to /init_database |: insert into "airlines" ("country_id", "name", "user_id") values ($1, $2, $3), ($4, $5, $6), ($7, $8, $9), ($10, $11, $12), ($13, $14, $15), ($16, $17, $18), ($19, $20, $21) - insert or update on table "airlines" violates foreign key constraint "airlines_user_id_foreign"',
  level: 'error',
  timestamp: '2024-04-20T16:40:41.289Z'
}
{
  message: 'GET to /init_database |: insert into "countries" ("name") values ($1), ($2), ($3), ($4), ($5), ($6), ($7) - duplicate key value violates unique constraint "countries_name_unique"',
  level: 'error',
  timestamp: '2024-04-20T16:44:02.980Z'
}
{
  message: 'POST to /table-fill |: insert into "airlines" ("country_id", "name", "user_id") values ($1, $2, $3), ($4, $5, $6), ($7, $8, $9), ($10, $11, $12), ($13, $14, $15), ($16, $17, $18), ($19, $20, $21) - insert or update on table "airlines" violates foreign key constraint "airlines_user_id_foreign"',
  level: 'error',
  timestamp: '2024-04-20T16:45:05.278Z'
}
{
  message: 'POST to /table-fill |: insert into "airlines" ("country_id", "name", "user_id") values ($1, $2, $3), ($4, $5, $6), ($7, $8, $9), ($10, $11, $12), ($13, $14, $15), ($16, $17, $18), ($19, $20, $21) - insert or update on table "airlines" violates foreign key constraint "airlines_user_id_foreign"',
  level: 'error',
  timestamp: '2024-04-20T16:45:20.197Z'
}
{
  message: 'POST to /table-fill |: insert into "users" ("email", "password", "username") values ($1, $2, $3), ($4, $5, $6), ($7, $8, $9), ($10, $11, $12), ($13, $14, $15), ($16, $17, $18), ($19, $20, $21), ($22, $23, $24), ($25, $26, $27) - duplicate key value violates unique constraint "users_email_unique"',
  level: 'error',
  timestamp: '2024-04-20T16:47:41.631Z'
}
{
  message: 'POST to /table-fill |: insert into "airlines" ("country_id", "name", "user_id") values ($1, $2, $3), ($4, $5, $6), ($7, $8, $9), ($10, $11, $12), ($13, $14, $15), ($16, $17, $18), ($19, $20, $21) - insert or update on table "airlines" violates foreign key constraint "airlines_user_id_foreign"',
  level: 'error',
  timestamp: '2024-04-20T16:48:47.712Z'
}
{
  message: 'POST to /table-fill |: insert into "airlines" ("country_id", "name", "user_id") values ($1, $2, $3), ($4, $5, $6), ($7, $8, $9), ($10, $11, $12), ($13, $14, $15), ($16, $17, $18), ($19, $20, $21) - insert or update on table "airlines" violates foreign key constraint "airlines_user_id_foreign"',
  level: 'error',
  timestamp: '2024-04-20T16:51:39.118Z'
}
{
  message: "POST to / |: insert into 'airlines' ('country_id', 'name', 'user_id') values ($1, $2, $3) returning 'id' - insert or update on table 'airlines' violates foreign key constraint 'airlines_user_id_foreign'",
  level: 'error',
  timestamp: '2024-04-20T16:59:09.092Z'
}
{
  message: 'POST to /init_database |: insert into "customers" ("address", "credit_card", "first_name", "last_name", "phone_number", "user_id") values ($1, $2, $3, $4, $5, $6), ($7, $8, $9, $10, $11, $12), ($13, $14, $15, $16, $17, $18), ($19, $20, $21, $22, $23, $24) - duplicate key value violates unique constraint "customers_phone_number_unique"',
  level: 'error',
  timestamp: '2024-04-20T17:10:44.964Z'
}
{
  message: 'POST to /init_database |: insert into "customers" ("address", "credit_card", "first_name", "last_name", "phone_number", "user_id") values ($1, $2, $3, $4, $5, $6), ($7, $8, $9, $10, $11, $12), ($13, $14, $15, $16, $17, $18), ($19, $20, $21, $22, $23, $24) - duplicate key value violates unique constraint "customers_credit_card_unique"',
  level: 'error',
  timestamp: '2024-04-20T17:15:20.878Z'
}
{
  message: 'POST to /init_database |: insert into "tickets" ("customer_id", "flight_id") values ($1, $2), ($3, $4), ($5, $6), ($7, $8), ($9, $10), ($11, $12), ($13, $14) - insert or update on table "tickets" violates foreign key constraint "tickets_flight_id_foreign"',
  level: 'error',
  timestamp: '2024-04-20T17:16:50.872Z'
}
{
  message: 'POST to /init_database |: insert into "tickets" ("customer_id", "flight_id") values ($1, $2), ($3, $4), ($5, $6), ($7, $8), ($9, $10), ($11, $12), ($13, $14) - insert or update on table "tickets" violates foreign key constraint "tickets_customer_id_foreign"',
  level: 'error',
  timestamp: '2024-04-20T17:19:46.742Z'
}
{
  message: "DELETE to /7 |: Cannot read properties of undefined (reading 'id')",
  level: 'error',
  timestamp: '2024-04-20T17:41:50.719Z'
}
{
  message: 'POST to / |: _Key flight_customer is invalid',
  level: 'error',
  timestamp: '2024-04-23T14:47:03.739Z'
}
{
  message: 'POST to / |: _customer_id is required',
  level: 'error',
  timestamp: '2024-04-23T15:29:48.215Z'
}
{
  message: 'POST to / |: _customer_id is required',
  level: 'error',
  timestamp: '2024-04-23T15:30:08.714Z'
}
{
  message: 'POST to / |: _customer_id is required',
  level: 'error',
  timestamp: '2024-04-23T15:31:18.602Z'
}
{
  message: 'DELETE to /api/services/cancel_ticket |: select * from flights where id = undefined - column "undefined" does not exist',
  level: 'error',
  timestamp: '2024-04-27T10:14:21.143Z'
}
{
  message: 'DELETE to /api/services/cancel_ticket |: select * from flights where id = undefined - column "undefined" does not exist',
  level: 'error',
  timestamp: '2024-04-27T10:14:51.578Z'
}
{
  message: 'DELETE to /api/services/cancel_ticket |: select * from flights where id = undefined - column "undefined" does not exist',
  level: 'error',
  timestamp: '2024-04-27T10:15:27.133Z'
}
{
  message: 'DELETE to /cancel_ticket |: select * from flights where id = undefined - column "undefined" does not exist',
  level: 'error',
  timestamp: '2024-04-27T10:16:15.958Z'
}
{
  message: 'DELETE to /cancel_ticket |: select * from flights where id = undefined - column "undefined" does not exist',
  level: 'error',
  timestamp: '2024-04-27T10:17:33.219Z'
}
{
  message: 'DELETE to /cancel_ticket |: select * from flights where id = undefined - column "undefined" does not exist',
  level: 'error',
  timestamp: '2024-04-27T10:18:52.405Z'
}
{
  message: 'DELETE to /cancel_ticket |: select * from flights where id = undefined - column "undefined" does not exist',
  level: 'error',
  timestamp: '2024-04-27T10:21:12.924Z'
}
{
  message: 'DELETE to /cancel_ticket |: select * from flights where id = undefined - column "undefined" does not exist',
  level: 'error',
  timestamp: '2024-04-27T10:21:17.348Z'
}
{
  message: 'DELETE to /cancel_ticket |: select * from flights where id = undefined - column "undefined" does not exist',
  level: 'error',
  timestamp: '2024-04-27T10:25:46.928Z'
}
{
  message: 'DELETE to /cancel_ticket |: select * from flights where id = undefined - column "undefined" does not exist',
  level: 'error',
  timestamp: '2024-04-27T10:26:57.819Z'
}
{
  message: 'DELETE to /cancel_ticket |: select * from flights where id = undefined - column "undefined" does not exist',
  level: 'error',
  timestamp: '2024-04-27T10:29:11.694Z'
}
{
  message: 'DELETE to /cancel_ticket |: flight_id is not defined',
  level: 'error',
  timestamp: '2024-04-27T10:30:30.831Z'
}
{
  message: 'DELETE to /cancel_ticket |: flight_id is not defined',
  level: 'error',
  timestamp: '2024-04-27T10:32:40.674Z'
}
{
  message: 'DELETE to /cancel_ticket |: flight_id is not defined',
  level: 'error',
  timestamp: '2024-04-27T10:34:50.712Z'
}
{
  message: 'DELETE to /cancel_ticket |: flight_id is not defined',
  level: 'error',
  timestamp: '2024-04-27T10:36:08.960Z'
}
{
  message: 'DELETE to /cancel_ticket |: flight_id is not defined',
  level: 'error',
  timestamp: '2024-04-27T10:37:22.975Z'
}
{
  message: 'DELETE to /cancel_ticket |: flight_id is not defined',
  level: 'error',
  timestamp: '2024-04-27T10:37:47.605Z'
}
