{
  message: 'airlines service: GET to /222 |: airline not found',
  level: 'error',
  timestamp: '2024-05-03T11:43:56.272Z'
}
{
  message: 'airlines service: GET to /222 |: airline not found',
  level: 'error',
  timestamp: '2024-05-03T11:44:04.298Z'
}
{
  message: ' GET to .../api/airlines/222 |: airline not found',
  level: 'error',
  timestamp: '2024-05-03T11:45:01.222Z'
}
{
  message: "POST to / |: insert into 'airlines' ('country_id', 'name', 'user_id') values ($1, $2, $3) returning 'id' - duplicate key value violates unique constraint 'airlines_name_unique'",
  level: 'error',
  timestamp: '2024-05-03T11:46:07.927Z'
}
{
  message: 'POST to .../api/airlines/ |: \n' +
    "            insert into 'airlines' ('country_id', 'name', 'user_id') values ($1, $2, $3) returning 'id' - duplicate key value violates unique constraint 'airlines_name_unique'",
  level: 'error',
  timestamp: '2024-05-03T11:47:52.160Z'
}
{
  message: "POST to .../api/airlines/ |: insert into 'airlines' ('country_id', 'name', 'user_id') values ($1, $2, $3) returning 'id' - duplicate key value violates unique constraint 'airlines_name_unique'",
  level: 'error',
  timestamp: '2024-05-03T11:48:12.917Z'
}
{
  message: "PUT to /122 |: Cannot read properties of undefined (reading 'id')",
  level: 'error',
  timestamp: '2024-05-03T11:54:38.267Z'
}
{
  message: "PUT to /122 |500|: Cannot read properties of undefined (reading 'id')",
  level: 'error',
  timestamp: '2024-05-03T11:54:38.271Z'
}
{
  message: "PUT to .../api/airlines/122/122 |: Cannot read properties of undefined (reading 'id')",
  level: 'error',
  timestamp: '2024-05-03T11:55:31.301Z'
}
{
  message: "PUT to .../api/airlines/122/122 |500|: Cannot read properties of undefined (reading 'id')",
  level: 'error',
  timestamp: '2024-05-03T11:55:31.303Z'
}
{
  message: "PUT to .../api/airlines/122 |: Cannot read properties of undefined (reading 'id')",
  level: 'error',
  timestamp: '2024-05-03T11:56:02.211Z'
}
{
  message: "PUT to .../api/airlines/122 |500|: Cannot read properties of undefined (reading 'id')",
  level: 'error',
  timestamp: '2024-05-03T11:56:02.215Z'
}
{
  message: "PUT to .../api/airlines/122 |500|: Cannot read properties of undefined (reading 'id')",
  level: 'error',
  timestamp: '2024-05-03T11:57:08.480Z'
}
{
  message: "PUT to .../api/airlines/122 |500|: Cannot read properties of undefined (reading 'id')",
  level: 'error',
  timestamp: '2024-05-03T11:58:15.706Z'
}
{
  message: "PUT to .../api/airlines/122 |500|: Cannot read properties of undefined (reading 'id')",
  level: 'error',
  timestamp: '2024-05-03T11:58:45.843Z'
}
{
  message: "PUT to .../api/airlines/122 |500|: Cannot read properties of undefined (reading 'id')",
  level: 'error',
  timestamp: '2024-05-03T11:59:53.425Z'
}
{
  message: "PUT to .../api/airlines/122 |500|: Cannot read properties of undefined (reading 'id')",
  level: 'error',
  timestamp: '2024-05-03T12:01:01.942Z'
}
{
  message: "PUT to .../api/airlines/122 |500|: Cannot read properties of undefined (reading 'id')",
  level: 'error',
  timestamp: '2024-05-03T12:01:06.659Z'
}
{
  message: 'PUT to .../api/airlines/122 |400|: _airline not found',
  level: 'error',
  timestamp: '2024-05-03T12:01:58.391Z'
}
{
  message: 'PATCH to /122 |: _airline not found',
  level: 'error',
  timestamp: '2024-05-03T12:03:15.972Z'
}
{
  message: 'PATCH to /122 |400|: _airline not found',
  level: 'error',
  timestamp: '2024-05-03T12:03:15.973Z'
}
{
  message: 'PATCH to .../api/airlines/122 |400|: _airline not found',
  level: 'error',
  timestamp: '2024-05-03T12:04:00.351Z'
}
{
  message: 'PATCH to .../api/airlines/122 |400|: _airline 122 not found',
  level: 'error',
  timestamp: '2024-05-03T12:04:55.223Z'
}
{
  message: 'DELETE to /122 |: id is not defined',
  level: 'error',
  timestamp: '2024-05-03T12:09:20.214Z'
}
{
  message: 'DELETE to /122 |: id is not defined',
  level: 'error',
  timestamp: '2024-05-03T12:09:59.376Z'
}
{
  message: 'DELETE to /122 |: id is not defined',
  level: 'error',
  timestamp: '2024-05-03T12:10:33.110Z'
}
{
  message: 'DELETE to /122 |: id is not defined',
  level: 'error',
  timestamp: '2024-05-03T12:10:41.637Z'
}
{
  message: 'DELETE to /122 |: id is not defined',
  level: 'error',
  timestamp: '2024-05-03T12:11:36.694Z'
}
{
  message: 'DELETE to /122 |: id is not defined',
  level: 'error',
  timestamp: '2024-05-03T12:12:08.977Z'
}
{
  message: 'DELETE to /122 |: _airline 122 not found',
  level: 'error',
  timestamp: '2024-05-03T12:13:30.159Z'
}
{
  message: "DELETE to /122 |: Cannot read properties of undefined (reading 'id')",
  level: 'error',
  timestamp: '2024-05-03T12:20:48.798Z'
}
{
  message: "DELETE to /122 |: Cannot read properties of undefined (reading 'id')",
  level: 'error',
  timestamp: '2024-05-03T12:21:19.784Z'
}
{
  message: 'DELETE to ../api/country/122 |: _country122 not found',
  level: 'error',
  timestamp: '2024-05-03T12:22:45.087Z'
}
{
  message: 'DELETE to .../api/country/122 |: _country 122 not found',
  level: 'error',
  timestamp: '2024-05-03T12:24:02.711Z'
}
{
  message: 'PUT to .../api/country/122 |400|: _Key user_id is invalid',
  level: 'error',
  timestamp: '2024-05-03T12:24:08.131Z'
}
{
  message: 'GET to .../api/country/111 |: _country 111 not found',
  level: 'error',
  timestamp: '2024-05-03T12:27:23.474Z'
}
{
  message: 'GET to .../api/country/111 |400|: _country 111 not found',
  level: 'error',
  timestamp: '2024-05-03T12:28:34.994Z'
}
{
  message: 'GET to .../api/airlines/111 |400|: _airline 111 not found',
  level: 'error',
  timestamp: '2024-05-03T12:33:00.783Z'
}
{
  message: 'GET to .../api/countries/111 |400|: _country 111 not found',
  level: 'error',
  timestamp: '2024-05-03T12:35:50.462Z'
}
{
  message: 'PUT to .../api/countries/111 |400|: _Key user_id is invalid',
  level: 'error',
  timestamp: '2024-05-03T12:36:01.091Z'
}
{
  message: 'DELETE to .../api/countries/111 |400|: _country 111 not found',
  level: 'error',
  timestamp: '2024-05-03T12:36:31.131Z'
}
{
  message: "GET to .../api/services/dashboard |500|: Cannot read properties of undefined (reading 'split')",
  level: 'error',
  timestamp: '2024-05-03T15:43:01.057Z'
}
{
  message: "GET to .../api/services/dashboard |500|: Cannot read properties of undefined (reading 'split')",
  level: 'error',
  timestamp: '2024-05-03T15:43:46.821Z'
}
{
  message: "GET to .../api/services/dashboard |500|: Cannot read properties of undefined (reading 'split')",
  level: 'error',
  timestamp: '2024-05-03T15:43:56.785Z'
}
{
  message: "POST to .../api/countries/ |500|: insert into 'countries' ('name') values ($1) returning 'id' - duplicate key value violates unique constraint 'countries_name_unique'",
  level: 'error',
  timestamp: '2024-05-04T10:16:00.323Z'
}
{
  message: "POST to .../api/countries/ |500|: insert into 'countries' ('name') values ($1) returning 'id' - duplicate key value violates unique constraint 'countries_name_unique'",
  level: 'error',
  timestamp: '2024-05-04T10:16:09.982Z'
}
{
  message: "POST to .../api/countries/ |500|: insert into 'countries' ('name') values ($1) returning 'id' - duplicate key value violates unique constraint 'countries_name_unique'",
  level: 'error',
  timestamp: '2024-05-04T10:16:36.741Z'
}
{
  message: "POST to .../api/countries/ |500|: insert into 'countries' ('name') values ($1) returning 'id' - duplicate key value violates unique constraint 'countries_name_unique'",
  level: 'error',
  timestamp: '2024-05-04T10:16:53.365Z'
}
{
  message: "POST to .../api/countries/ |500|: insert into 'countries' ('name') values ($1) returning 'id' - duplicate key value violates unique constraint 'countries_name_unique'",
  level: 'error',
  timestamp: '2024-05-04T10:17:50.790Z'
}
{
  message: "POST to .../api/countries/ |500|: insert into 'countries' ('name') values ($1) returning 'id' - duplicate key value violates unique constraint 'countries_name_unique'",
  level: 'error',
  timestamp: '2024-05-04T10:19:57.543Z'
}
{
  message: "POST to .../api/countries/ |500|: insert into 'countries' ('name') values ($1) returning 'id' - duplicate key value violates unique constraint 'countries_name_unique'",
  level: 'error',
  timestamp: '2024-05-04T10:32:45.707Z'
}
{
  message: "POST to .../api/countries/ |500|: insert into 'countries' ('name') values ($1) returning 'id' - duplicate key value violates unique constraint 'countries_name_unique'",
  level: 'error',
  timestamp: '2024-05-04T10:32:54.983Z'
}
{
  message: 'GET to .../api/countries/undefined |500|: select * from countries where id = undefined - column "undefined" does not exist',
  level: 'error',
  timestamp: '2024-05-04T10:32:54.991Z'
}
{
  message: 'PUT to .../api/countries/undefined |500|: select * from countries where id = undefined - column "undefined" does not exist',
  level: 'error',
  timestamp: '2024-05-04T10:32:55.001Z'
}
{
  message: 'DELETE to .../api/countries/undefined |400|: _country undefined not found',
  level: 'error',
  timestamp: '2024-05-04T10:32:55.008Z'
}
{
  message: "POST to .../api/customers/ |500|: insert into 'customers' ('address', 'credit_card', 'first_name', 'last_name', 'phone_number', 'user_id') values ($1, $2, $3, $4, $5, $6) returning 'id' - duplicate key value violates unique constraint 'customers_phone_number_unique'",
  level: 'error',
  timestamp: '2024-05-04T10:32:55.024Z'
}
{
  message: 'GET to .../api/customers/undefined |500|: select * from customers where id = undefined - column "undefined" does not exist',
  level: 'error',
  timestamp: '2024-05-04T10:32:55.030Z'
}
{
  message: 'PUT to .../api/customers/undefined |500|: select * from customers where id = undefined - column "undefined" does not exist',
  level: 'error',
  timestamp: '2024-05-04T10:32:55.039Z'
}
{
  message: 'PATCH to .../api/customers/undefined |500|: select * from customers where id = undefined - column "undefined" does not exist',
  level: 'error',
  timestamp: '2024-05-04T10:32:55.045Z'
}
{
  message: 'DELETE to .../api/customers/undefined |400|: _customer undefined not found',
  level: 'error',
  timestamp: '2024-05-04T10:32:55.052Z'
}
{
  message: "POST to .../api/countries/ |500|: insert into 'countries' ('name') values ($1) returning 'id' - duplicate key value violates unique constraint 'countries_name_unique'",
  level: 'error',
  timestamp: '2024-05-04T10:32:55.099Z'
}
{
  message: "POST to .../api/customers/ |500|: insert into 'customers' ('address', 'credit_card', 'first_name', 'last_name', 'phone_number', 'user_id') values ($1, $2, $3, $4, $5, $6) returning 'id' - duplicate key value violates unique constraint 'customers_phone_number_unique'",
  level: 'error',
  timestamp: '2024-05-04T10:33:31.093Z'
}
{
  message: 'GET to .../api/customers/undefined |500|: select * from customers where id = undefined - column "undefined" does not exist',
  level: 'error',
  timestamp: '2024-05-04T10:33:31.102Z'
}
{
  message: 'PUT to .../api/customers/undefined |500|: select * from customers where id = undefined - column "undefined" does not exist',
  level: 'error',
  timestamp: '2024-05-04T10:33:31.111Z'
}
{
  message: 'PATCH to .../api/customers/undefined |500|: select * from customers where id = undefined - column "undefined" does not exist',
  level: 'error',
  timestamp: '2024-05-04T10:33:31.118Z'
}
{
  message: 'DELETE to .../api/customers/undefined |400|: _customer undefined not found',
  level: 'error',
  timestamp: '2024-05-04T10:33:31.124Z'
}
{
  message: "POST to .../api/countries/ |500|: insert into 'countries' ('name') values ($1) returning 'id' - duplicate key value violates unique constraint 'countries_name_unique'",
  level: 'error',
  timestamp: '2024-05-04T10:34:08.716Z'
}
{
  message: 'GET to .../api/countries/undefined |500|: select * from countries where id = undefined - column "undefined" does not exist',
  level: 'error',
  timestamp: '2024-05-04T10:34:08.723Z'
}
{
  message: 'PUT to .../api/countries/undefined |500|: select * from countries where id = undefined - column "undefined" does not exist',
  level: 'error',
  timestamp: '2024-05-04T10:34:08.732Z'
}
{
  message: 'DELETE to .../api/countries/undefined |400|: _country undefined not found',
  level: 'error',
  timestamp: '2024-05-04T10:34:08.739Z'
}
{
  message: "POST to .../api/countries/ |500|: insert into 'countries' ('name') values ($1) returning 'id' - duplicate key value violates unique constraint 'countries_name_unique'",
  level: 'error',
  timestamp: '2024-05-04T10:34:08.805Z'
}
{
  message: 'DELETE to .../api/airlines/318 |400|: _user 318 not found',
  level: 'error',
  timestamp: '2024-05-04T11:20:05.873Z'
}
{
  message: 'DELETE to .../api/flights/173 |500|: Failed to parse URL from /api/tickets/delete_by_flight/173',
  level: 'error',
  timestamp: '2024-05-04T11:32:45.236Z'
}
{
  message: 'DELETE to .../api/flights/173 |500|: Failed to parse URL from /api/tickets/delete_by_flight/173',
  level: 'error',
  timestamp: '2024-05-04T11:33:23.796Z'
}
{
  message: 'DELETE to .../api/flights/173 |500|: Failed to parse URL from /api/tickets/delete_by_flight/173',
  level: 'error',
  timestamp: '2024-05-04T11:34:56.343Z'
}
{
  message: 'DELETE to .../api/flights/173 |400|: _tickets by flight id not deleted',
  level: 'error',
  timestamp: '2024-05-04T11:36:51.432Z'
}
{
  message: 'DELETE to .../api/flights/173 |400|: _tickets by flight id not deleted',
  level: 'error',
  timestamp: '2024-05-04T11:58:01.226Z'
}
{
  message: 'DELETE to .../api/flights/173 |400|: _tickets by flight id not deleted 400',
  level: 'error',
  timestamp: '2024-05-04T12:00:42.956Z'
}
{
  message: 'DELETE to .../api/flights/173 |400|: _tickets by flight id not deleted 400',
  level: 'error',
  timestamp: '2024-05-04T12:01:24.982Z'
}
{
  message: 'DELETE to .../api/flights/173 |400|: _tickets by flight id not deleted 400',
  level: 'error',
  timestamp: '2024-05-04T12:02:07.239Z'
}
{
  message: 'DELETE to .../api/airlines/318 |400|: _user 318 not found',
  level: 'error',
  timestamp: '2024-05-04T12:46:49.628Z'
}
{
  message: 'DELETE to .../api/airlines/318 |400|: _user 318 not found',
  level: 'error',
  timestamp: '2024-05-04T12:47:52.083Z'
}
{
  message: 'GET to .../api/flights/173 |500|: id is not defined',
  level: 'error',
  timestamp: '2024-05-04T16:09:35.810Z'
}
{
  message: 'DELETE to .../api/flights/174 |500|: ticketsByFlight.data is not iterable',
  level: 'error',
  timestamp: '2024-05-04T16:10:08.660Z'
}
{
  message: 'GET to .../api/flights/173 |500|: id is not defined',
  level: 'error',
  timestamp: '2024-05-04T16:12:57.842Z'
}
{
  message: "DELETE to .../api/flights/174 |500|: Cannot read properties of undefined (reading 'forEach')",
  level: 'error',
  timestamp: '2024-05-04T16:14:29.144Z'
}
{
  message: 'DELETE to .../api/airlines/377 |400|: _airline 377 not found',
  level: 'error',
  timestamp: '2024-05-04T16:42:35.135Z'
}
{
  message: 'DELETE to .../api/airlines/318 |400|: _user 318 not found',
  level: 'error',
  timestamp: '2024-05-04T17:06:37.647Z'
}
{
  message: 'DELETE to .../api/flights/235 |500|: fetch failed',
  level: 'error',
  timestamp: '2024-05-04T17:22:14.478Z'
}
{
  message: 'DELETE to .../api/airlines/318 |400|: _user 318 not found',
  level: 'error',
  timestamp: '2024-05-04T17:22:14.516Z'
}
{
  message: 'DELETE to .../api/airlines/318 |400|: _user 318 not found',
  level: 'error',
  timestamp: '2024-05-04T17:22:43.620Z'
}
{
  message: 'DELETE to .../api/airlines/379 |500|: fetch failed',
  level: 'error',
  timestamp: '2024-05-04T17:36:34.880Z'
}
{
  message: 'DELETE to .../api/airlines/265 |400|: _user 265 not found',
  level: 'error',
  timestamp: '2024-05-04T17:36:34.903Z'
}
{
  message: 'DELETE to .../api/countries/209 |400|: _flights by origin country id not deleted [object Response]',
  level: 'error',
  timestamp: '2024-05-04T17:40:30.309Z'
}
{
  message: 'DELETE to .../api/countries/209 |400|: _flights by origin country id not deleted [object Response]',
  level: 'error',
  timestamp: '2024-05-04T17:40:45.382Z'
}
{
  message: 'DELETE to .../api/countries/209 |400|: _flights by origin country id not deleted [object Response]',
  level: 'error',
  timestamp: '2024-05-04T17:40:46.017Z'
}
{
  message: 'DELETE to .../api/countries/209 |400|: _flights by origin country id not deleted [object Response]',
  level: 'error',
  timestamp: '2024-05-04T17:40:46.334Z'
}
{
  message: 'DELETE to .../api/countries/209 |400|: _flights by origin country id 209 were not received [object Response]',
  level: 'error',
  timestamp: '2024-05-04T17:47:21.068Z'
}
{
  message: 'DELETE to .../api/countries/209 |400|: _flights by origin country id 209 were not received [object Response]',
  level: 'error',
  timestamp: '2024-05-04T17:47:27.737Z'
}
{
  message: 'DELETE to .../api/countries/209 |400|: _flights by origin country id 209 were not received [object Response]',
  level: 'error',
  timestamp: '2024-05-04T17:49:17.102Z'
}
{
  message: 'DELETE to .../api/countries/209 |400|: _flights by origin country id 209 were not received [object Response]',
  level: 'error',
  timestamp: '2024-05-04T17:50:35.028Z'
}
{
  message: 'GET to .../api/flights/by_origin_country/209 |500|: flights.json is not a function',
  level: 'error',
  timestamp: '2024-05-04T17:54:52.651Z'
}
{
  message: 'DELETE to .../api/countries/209 |400|: _Countries service:flights by origin country id 209 were not received [object Response]',
  level: 'error',
  timestamp: '2024-05-04T17:54:52.665Z'
}
{
  message: 'GET to .../api/flights/by_origin_country/209 |500|: flights.json is not a function',
  level: 'error',
  timestamp: '2024-05-04T17:54:54.981Z'
}
{
  message: 'DELETE to .../api/countries/209 |400|: _Countries service:flights by origin country id 209 were not received [object Response]',
  level: 'error',
  timestamp: '2024-05-04T17:54:54.988Z'
}
{
  message: 'DELETE to .../api/countries/209 |400|: _Countries service:flights by origin country id 209 were not received [object Response]',
  level: 'error',
  timestamp: '2024-05-04T17:55:14.476Z'
}
{
  message: 'DELETE to .../api/countries/209 |500|: Assignment to constant variable.',
  level: 'error',
  timestamp: '2024-05-04T18:08:37.621Z'
}
{
  message: 'POST to .../api/countries/ |500|: country.hasOwnProperty is not a function',
  level: 'error',
  timestamp: '2024-05-04T19:32:36.816Z'
}
{
  message: 'POST to .../api/countries/ |500|: country.hasOwnProperty is not a function',
  level: 'error',
  timestamp: '2024-05-04T19:34:04.899Z'
}
{
  message: 'POST to .../api/countries/ |500|: country.hasOwnProperty is not a function',
  level: 'error',
  timestamp: '2024-05-04T19:37:11.418Z'
}
{
  message: 'POST to .../api/flights/ |500|: flight.hasOwnProperty is not a function',
  level: 'error',
  timestamp: '2024-05-04T20:18:12.875Z'
}
{
  message: 'POST to .../api/flights/ |400|: _Key tickets_remained is invalid',
  level: 'error',
  timestamp: '2024-05-04T20:19:22.476Z'
}
{
  message: 'POST to .../api/flights/ |400|: _Key tickets_remained is invalid',
  level: 'error',
  timestamp: '2024-05-04T20:20:21.368Z'
}
{
  message: "POST to .../api/flights/ |500|: insert into 'flights' ('departure_time', 'destination_country_id', 'landing_time', 'origin_country_id', 'remaining_tickets') values ($1, $2, $3, $4, $5) returning 'id' - null value in column 'airline_id' of relation 'flights' violates not-null constraint",
  level: 'error',
  timestamp: '2024-05-04T20:20:39.274Z'
}
{
  message: "POST to .../api/flights/ |500|: insert into 'flights' ('departure_time', 'destination_country_id', 'landing_time', 'origin_country_id', 'remaining_tickets') values ($1, $2, $3, $4, $5) returning 'id' - null value in column 'airline_id' of relation 'flights' violates not-null constraint",
  level: 'error',
  timestamp: '2024-05-04T20:21:30.069Z'
}
{
  message: "POST to .../api/flights/ |500|: insert into 'flights' ('departure_time', 'destination_country_id', 'landing_time', 'origin_country_id', 'remaining_tickets') values ($1, $2, $3, $4, $5) returning 'id' - null value in column 'airline_id' of relation 'flights' violates not-null constraint",
  level: 'error',
  timestamp: '2024-05-04T20:25:43.672Z'
}
{
  message: "POST to .../api/countries/ |500|: insert into 'countries' ('name') values ($1) returning 'id' - duplicate key value violates unique constraint 'countries_name_unique'",
  level: 'error',
  timestamp: '2024-05-05T07:36:31.277Z'
}
{
  message: 'POST to .../api/airlines/ |400|: _Key role_id is invalid',
  level: 'error',
  timestamp: '2024-05-05T13:39:48.140Z'
}
{
  message: "POST to .../api/customers/ |500|: insert into 'customers' ('address', 'credit_card', 'first_name', 'last_name', 'phone_number', 'user_id') values ($1, $2, $3, $4, $5, $6) returning 'id' - insert or update on table 'customers' violates foreign key constraint 'customers_user_id_foreign'",
  level: 'error',
  timestamp: '2024-05-05T13:57:38.402Z'
}
{
  message: 'POST to .../api/customers/ |400|: _user_id is required',
  level: 'error',
  timestamp: '2024-05-05T14:00:22.627Z'
}
{
  message: 'POST to .../api/pages/registration |500|: user is not defined',
  level: 'error',
  timestamp: '2024-05-05T14:30:29.872Z'
}
{
  message: "POST to .../api/customers/ |500|: insert into 'customers' ('address', 'credit_card', 'first_name', 'last_name', 'phone_number', 'user_id') values ($1, $2, $3, $4, $5, $6) returning 'id' - duplicate key value violates unique constraint 'customers_phone_number_unique'",
  level: 'error',
  timestamp: '2024-05-05T14:31:54.511Z'
}
{
  message: 'POST to .../api/pages/registration |500|: user is not defined',
  level: 'error',
  timestamp: '2024-05-05T14:32:09.885Z'
}
{
  message: 'POST to .../api/pages/registration |500|: user is not defined',
  level: 'error',
  timestamp: '2024-05-05T14:33:23.049Z'
}
{
  message: 'POST to .../api/customers/ |400|: _user_id is required',
  level: 'error',
  timestamp: '2024-05-05T14:36:44.105Z'
}
{
  message: 'POST to .../api/customers/ |400|: _user_id is required',
  level: 'error',
  timestamp: '2024-05-05T14:39:57.021Z'
}
{
  message: "POST to .../api/customers/ |500|: insert into 'customers' ('address', 'credit_card', 'first_name', 'last_name', 'phone_number', 'user_id') values ($1, $2, $3, $4, $5, $6) returning 'id' - duplicate key value violates unique constraint 'customers_phone_number_unique'",
  level: 'error',
  timestamp: '2024-05-05T14:47:08.918Z'
}
{
  message: "POST to .../api/customers/ |500|: insert into 'customers' ('address', 'credit_card', 'first_name', 'last_name', 'phone_number', 'user_id') values ($1, $2, $3, $4, $5, $6) returning 'id' - duplicate key value violates unique constraint 'customers_user_id_unique'",
  level: 'error',
  timestamp: '2024-05-05T14:49:16.376Z'
}
{
  message: 'POST to .../api/pages/registration |500|: fetch failed',
  level: 'error',
  timestamp: '2024-05-05T14:49:51.917Z'
}
{
  message: 'POST to .../api/pages/registration |500|: fetch failed',
  level: 'error',
  timestamp: '2024-05-05T14:50:45.365Z'
}
{
  message: 'POST to .../api/pages/registration |500|: fetch failed',
  level: 'error',
  timestamp: '2024-05-05T14:57:11.644Z'
}
{
  message: 'POST to .../api/pages/registration |500|: Bad request: user 30 already registered as customer',
  level: 'error',
  timestamp: '2024-05-05T15:02:35.031Z'
}
{
  message: 'POST to .../api/pages/registration |400|: _Bad request: user 30 already registered as customer',
  level: 'error',
  timestamp: '2024-05-05T15:04:52.499Z'
}
{
  message: 'POST to .../api/pages/registration |500|: fetch failed',
  level: 'error',
  timestamp: '2024-05-05T15:15:53.285Z'
}
{
  message: "POST to .../api/customers/ |500|: insert into 'customers' ('address', 'credit_card', 'first_name', 'last_name', 'phone_number', 'user_id') values ($1, $2, $3, $4, $5, $6) returning 'id' - duplicate key value violates unique constraint 'customers_phone_number_unique'",
  level: 'error',
  timestamp: '2024-05-05T15:17:39.120Z'
}
{
  message: 'POST to .../api/airlines/ |400|: _user_id is required',
  level: 'error',
  timestamp: '2024-05-05T15:23:17.250Z'
}
{
  message: 'POST to .../api/pages/registration |400|: _Bad request: user 34 already registered as airline',
  level: 'error',
  timestamp: '2024-05-05T15:24:23.985Z'
}
{
  message: 'POST to .../api/airlines/getByEmail |500|: securityService.comparePassword is not a function',
  level: 'error',
  timestamp: '2024-05-05T15:48:14.672Z'
}
{
  message: 'POST to .../api/pages/login |500|: cookiesService.addSessionCookie is not a function',
  level: 'error',
  timestamp: '2024-05-05T16:08:49.444Z'
}
{
  message: 'POST to .../api/pages/login |500|: isAuthenticated.json is not a function',
  level: 'error',
  timestamp: '2024-05-05T16:14:45.858Z'
}
{
  message: 'POST to .../api/pages/login |500|: isAuthenticated.json is not a function',
  level: 'error',
  timestamp: '2024-05-05T16:14:55.066Z'
}
{
  message: 'POST to .../api/pages/login |500|: isAuthenticated.json is not a function',
  level: 'error',
  timestamp: '2024-05-05T16:15:03.389Z'
}
{
  message: 'GET to .../api/airlines/d41 |500|: select * from users where id = d41 - column "d41" does not exist',
  level: 'error',
  timestamp: '2024-05-05T17:04:57.291Z'
}
{
  message: 'GET to .../api/services/current_user_info |400|: _airline 41 not found',
  level: 'error',
  timestamp: '2024-05-05T17:45:30.359Z'
}
{
  message: 'GET to .../api/services/current_user_info |400|: _airline 41 not found',
  level: 'error',
  timestamp: '2024-05-05T17:47:35.187Z'
}
{
  message: 'GET to .../api/services/get_chosen_customer_flights/1 |500|: select * from airlines where id = undefined - column "undefined" does not exist',
  level: 'error',
  timestamp: '2024-05-05T19:34:01.383Z'
}
